Log file open, 07/06/22 15:14:54
LogInit: Display: Running engine for game: Balletes
LogPlatformFile: Not using cached read wrapper
LogTaskGraph: Started task graph with 5 named threads and 23 total threads with 3 sets of task threads.
LogStats: Stats thread started at 0.227321
LogD3D11RHI: Loaded GFSDK_Aftermath_Lib.x64.dll
LogICUInternationalization: ICU TimeZone Detection - Raw Offset: +0:00, Platform Override: ''
LogPluginManager: Mounting plugin Paper2D
LogPluginManager: Mounting plugin AISupport
LogPluginManager: Mounting plugin LightPropagationVolume
LogPluginManager: Mounting plugin CameraShakePreviewer
LogPluginManager: Mounting plugin ActorLayerUtilities
LogPluginManager: Mounting plugin AnimationSharing
LogPluginManager: Mounting plugin CLionSourceCodeAccess
LogPluginManager: Mounting plugin CodeLiteSourceCodeAccess
LogPluginManager: Mounting plugin GitSourceControl
LogPluginManager: Mounting plugin KDevelopSourceCodeAccess
LogPluginManager: Mounting plugin NullSourceCodeAccess
LogPluginManager: Mounting plugin PerforceSourceControl
LogPluginManager: Mounting plugin PlasticSourceControl
LogPluginManager: Mounting plugin RiderSourceCodeAccess
LogPluginManager: Mounting plugin SubversionSourceControl
LogPluginManager: Mounting plugin UObjectPlugin
LogPluginManager: Mounting plugin VisualStudioCodeSourceCodeAccess
LogPluginManager: Mounting plugin VisualStudioSourceCodeAccess
LogPluginManager: Mounting plugin XCodeSourceCodeAccess
LogPluginManager: Mounting plugin AssetManagerEditor
LogPluginManager: Mounting plugin CryptoKeys
LogPluginManager: Mounting plugin CurveEditorTools
LogPluginManager: Mounting plugin DataValidation
LogPluginManager: Mounting plugin EditorScriptingUtilities
LogPluginManager: Mounting plugin FacialAnimation
LogPluginManager: Mounting plugin GameplayTagsEditor
LogPluginManager: Mounting plugin GeometryMode
LogPluginManager: Mounting plugin MacGraphicsSwitching
LogPluginManager: Mounting plugin MaterialAnalyzer
LogPluginManager: Mounting plugin MobileLauncherProfileWizard
LogPluginManager: Mounting plugin PluginBrowser
LogPluginManager: Mounting plugin SpeedTreeImporter
LogPluginManager: Mounting plugin DatasmithContent
LogPluginManager: Mounting plugin VariantManagerContent
LogPluginManager: Mounting plugin AlembicImporter
LogPluginManager: Mounting plugin AutomationUtils
LogPluginManager: Mounting plugin BackChannel
LogPluginManager: Mounting plugin ChaosCloth
LogPluginManager: Mounting plugin ChaosClothEditor
LogPluginManager: Mounting plugin ChaosEditor
LogPluginManager: Mounting plugin ChaosNiagara
LogPluginManager: Mounting plugin ChaosSolverPlugin
LogPluginManager: Mounting plugin CharacterAI
LogPluginManager: Mounting plugin GeometryCache
LogPluginManager: Mounting plugin GeometryCollectionPlugin
LogPluginManager: Mounting plugin GeometryProcessing
LogPluginManager: Mounting plugin PlanarCut
LogPluginManager: Mounting plugin PlatformCrypto
LogPluginManager: Mounting plugin ProxyLODPlugin
LogPluginManager: Mounting plugin SkeletalReduction
LogPluginManager: Mounting plugin Niagara
LogPluginManager: Mounting plugin MagicLeap
LogPluginManager: Mounting plugin MagicLeapLightEstimation
LogPluginManager: Mounting plugin MagicLeapMedia
LogPluginManager: Mounting plugin MagicLeapPassableWorld
LogPluginManager: Mounting plugin MLSDK
LogPluginManager: Mounting plugin AndroidMedia
LogPluginManager: Mounting plugin AvfMedia
LogPluginManager: Mounting plugin ImgMedia
LogPluginManager: Mounting plugin MediaCompositing
LogPluginManager: Mounting plugin MediaPlayerEditor
LogPluginManager: Mounting plugin WebMMedia
LogPluginManager: Mounting plugin WmfMedia
LogPluginManager: Mounting plugin MeshPainting
LogPluginManager: Mounting plugin TcpMessaging
LogPluginManager: Mounting plugin UdpMessaging
LogPluginManager: Mounting plugin ActorSequence
LogPluginManager: Mounting plugin LevelSequenceEditor
LogPluginManager: Mounting plugin MatineeToLevelSequence
LogPluginManager: Mounting plugin MovieRenderPipeline
LogPluginManager: Mounting plugin TemplateSequence
LogPluginManager: Mounting plugin NetcodeUnitTest
LogPluginManager: Mounting plugin NUTUnrealEngine4
LogPluginManager: Mounting plugin OnlineSubsystemGooglePlay
LogPluginManager: Mounting plugin OnlineSubsystemIOS
LogPluginManager: Mounting plugin OnlineSubsystem
LogPluginManager: Mounting plugin OnlineSubsystemNull
LogPluginManager: Mounting plugin OnlineSubsystemUtils
LogPluginManager: Mounting plugin LauncherChunkInstaller
LogPluginManager: Mounting plugin AndroidDeviceProfileSelector
LogPluginManager: Mounting plugin AndroidMoviePlayer
LogPluginManager: Mounting plugin AndroidPermission
LogPluginManager: Mounting plugin AppleImageUtils
LogPluginManager: Mounting plugin AppleMoviePlayer
LogPluginManager: Mounting plugin ArchVisCharacter
LogPluginManager: Mounting plugin AssetTags
LogPluginManager: Mounting plugin AudioCapture
LogPluginManager: Mounting plugin CableComponent
LogPluginManager: Mounting plugin CustomMeshComponent
LogPluginManager: Mounting plugin EditableMesh
LogPluginManager: Mounting plugin ExampleDeviceProfileSelector
LogPluginManager: Mounting plugin GoogleCloudMessaging
LogPluginManager: Mounting plugin GooglePAD
LogPluginManager: Mounting plugin IOSDeviceProfileSelector
LogPluginManager: Mounting plugin LinuxDeviceProfileSelector
LogPluginManager: Mounting plugin LocationServicesBPLibrary
LogPluginManager: Mounting plugin MobilePatchingUtils
LogPluginManager: Mounting plugin OculusVR
LogPluginManager: Mounting plugin PhysXVehicles
LogPluginManager: Mounting plugin PostSplashScreen
LogPluginManager: Mounting plugin ProceduralMeshComponent
LogPluginManager: Mounting plugin RuntimePhysXCooking
LogPluginManager: Mounting plugin SignificanceManager
LogPluginManager: Mounting plugin SoundFields
LogPluginManager: Mounting plugin SteamVR
LogPluginManager: Mounting plugin Synthesis
LogPluginManager: Mounting plugin WebMMoviePlayer
LogPluginManager: Mounting plugin WindowsMoviePlayer
LogPluginManager: Mounting plugin ScreenshotTools
LogInit: Using libcurl 7.55.1-DEV
LogInit:  - built for x86_64-pc-win32
LogInit:  - supports SSL with OpenSSL/1.1.1
LogInit:  - supports HTTP deflate (compression) using libz 1.2.8
LogInit:  - other features:
LogInit:      CURL_VERSION_SSL
LogInit:      CURL_VERSION_LIBZ
LogInit:      CURL_VERSION_IPV6
LogInit:      CURL_VERSION_ASYNCHDNS
LogInit:      CURL_VERSION_LARGEFILE
LogInit:      CURL_VERSION_IDN
LogInit:  CurlRequestOptions (configurable via config and command line):
LogInit:  - bVerifyPeer = true  - Libcurl will verify peer certificate
LogInit:  - bUseHttpProxy = false  - Libcurl will NOT use HTTP proxy
LogInit:  - bDontReuseConnections = false  - Libcurl will reuse connections
LogInit:  - MaxHostConnections = 16  - Libcurl will limit the number of connections to a host
LogInit:  - LocalHostAddr = Default
LogInit:  - BufferSize = 65536
LogOnline: OSS: Creating online subsystem instance for: NULL
LogInit: WinSock: version 1.1 (2.2), MaxSocks=32767, MaxUdp=65467
LogOnline: OSS: TryLoadSubsystemAndSetDefault: Loaded subsystem for module [NULL]
LogInit: Build: ++UE4+Release-4.25-CL-14469661
LogInit: Engine Version: 4.25.4-14469661+++UE4+Release-4.25
LogInit: Compatible Engine Version: 4.25.0-13144385+++UE4+Release-4.25
LogInit: Net CL: 13144385
LogInit: OS: Windows 10 (Release 2009) (), CPU: Intel(R) Core(TM) i5-8300H CPU @ 2.30GHz, GPU: Intel(R) UHD Graphics 630
LogInit: Compiled (64-bit): Oct 11 2020 08:10:49
LogInit: Compiled with Visual C++: 19.24.28315.00
LogInit: Build Configuration: Development
LogInit: Branch Name: ++UE4+Release-4.25
LogInit: Command Line:  -EpicPortal -epicusername=zin227 -epicuserid=449b4165c7bd45db9c13cae817f410cb -epiclocale=en -epicsandboxid=ue
LogInit: Base Directory: D:/UnrealEngine/UE_4.25/Engine/Binaries/Win64/
LogInit: Allocator: TBB
LogInit: Installed Engine Build: 1
LogDevObjectVersion: Number of dev versions registered: 26
LogDevObjectVersion:   Dev-Blueprints (B0D832E4-1F89-4F0D-ACCF-7EB736FD4AA2): 10
LogDevObjectVersion:   Dev-Build (E1C64328-A22C-4D53-A36C-8E866417BD8C): 0
LogDevObjectVersion:   Dev-Core (375EC13C-06E4-48FB-B500-84F0262A717E): 4
LogDevObjectVersion:   Dev-Editor (E4B068ED-F494-42E9-A231-DA0B2E46BB41): 38
LogDevObjectVersion:   Dev-Framework (CFFC743F-43B0-4480-9391-14DF171D2073): 37
LogDevObjectVersion:   Dev-Mobile (B02B49B5-BB20-44E9-A304-32B752E40360): 2
LogDevObjectVersion:   Dev-Networking (A4E4105C-59A1-49B5-A7C5-40C4547EDFEE): 0
LogDevObjectVersion:   Dev-Online (39C831C9-5AE6-47DC-9A44-9C173E1C8E7C): 0
LogDevObjectVersion:   Dev-Physics (78F01B33-EBEA-4F98-B9B4-84EACCB95AA2): 4
LogDevObjectVersion:   Dev-Platform (6631380F-2D4D-43E0-8009-CF276956A95A): 0
LogDevObjectVersion:   Dev-Rendering (12F88B9F-8875-4AFC-A67C-D90C383ABD29): 43
LogDevObjectVersion:   Dev-Sequencer (7B5AE74C-D270-4C10-A958-57980B212A5A): 12
LogDevObjectVersion:   Dev-VR (D7296918-1DD6-4BDD-9DE2-64A83CC13884): 3
LogDevObjectVersion:   Dev-LoadTimes (C2A15278-BFE7-4AFE-6C17-90FF531DF755): 1
LogDevObjectVersion:   Private-Geometry (6EACA3D4-40EC-4CC1-B786-8BED09428FC5): 3
LogDevObjectVersion:   Dev-AnimPhys (29E575DD-E0A3-4627-9D10-D276232CDCEA): 17
LogDevObjectVersion:   Dev-Anim (AF43A65D-7FD3-4947-9873-3E8ED9C1BB05): 7
LogDevObjectVersion:   Dev-ReflectionCapture (6B266CEC-1EC7-4B8F-A30B-E4D90942FC07): 1
LogDevObjectVersion:   Dev-Automation (0DF73D61-A23F-47EA-B727-89E90C41499A): 1
LogDevObjectVersion:   FortniteMain (601D1886-AC64-4F84-AA16-D3DE0DEAC7D6): 31
LogDevObjectVersion:   Dev-Enterprise (9DFFBCD6-494F-0158-E221-12823C92A888): 10
LogDevObjectVersion:   Dev-Niagara (F2AED0AC-9AFE-416F-8664-AA7FFA26D6FC): 1
LogDevObjectVersion:   Dev-Destruction (174F1F0B-B4C6-45A5-B13F-2EE8D0FB917D): 10
LogDevObjectVersion:   Dev-Physics-Ext (35F94A83-E258-406C-A318-09F59610247C): 37
LogDevObjectVersion:   Dev-PhysicsMaterial-Chaos (B68FC16E-8B1B-42E2-B453-215C058844FE): 1
LogDevObjectVersion:   Dev-CineCamera (B2E18506-4273-CFC2-A54E-F4BB758BBA07): 1
LogInit: Presizing for max 25165824 objects, including 0 objects not considered by GC, pre-allocating 0 bytes for permanent pool.
LogConfig: Applying CVar settings from Section [/Script/Engine.StreamingSettings] File [D:/PROJECTS/Balletes/Balletes/Saved/Config/Windows/Engine.ini]
LogConfig: Setting CVar [[s.MinBulkDataSizeForAsyncLoading:131072]]
LogConfig: Setting CVar [[s.AsyncLoadingThreadEnabled:0]]
LogConfig: Setting CVar [[s.EventDrivenLoaderEnabled:1]]
LogConfig: Setting CVar [[s.WarnIfTimeLimitExceeded:0]]
LogConfig: Setting CVar [[s.TimeLimitExceededMultiplier:1.5]]
LogConfig: Setting CVar [[s.TimeLimitExceededMinTime:0.005]]
LogConfig: Setting CVar [[s.UseBackgroundLevelStreaming:1]]
LogConfig: Setting CVar [[s.PriorityAsyncLoadingExtraTime:15.0]]
LogConfig: Setting CVar [[s.LevelStreamingActorsUpdateTimeLimit:5.0]]
LogConfig: Setting CVar [[s.PriorityLevelStreamingActorsUpdateExtraTime:5.0]]
LogConfig: Setting CVar [[s.LevelStreamingComponentsRegistrationGranularity:10]]
LogConfig: Setting CVar [[s.UnregisterComponentsTimeLimit:1.0]]
LogConfig: Setting CVar [[s.LevelStreamingComponentsUnregistrationGranularity:5]]
LogConfig: Setting CVar [[s.FlushStreamingOnExit:1]]
LogInit: Object subsystem initialized
LogConfig: Setting CVar [[con.DebugEarlyDefault:1]]
LogConfig: Setting CVar [[r.setres:1280x720]]
[2022.07.06-14.14.55:212][  0]LogConfig: Setting CVar [[r.VSync:0]]
[2022.07.06-14.14.55:212][  0]LogConfig: Setting CVar [[r.RHICmdBypass:0]]
[2022.07.06-14.14.55:213][  0]LogConfig: Applying CVar settings from Section [/Script/Engine.RendererSettings] File [D:/PROJECTS/Balletes/Balletes/Saved/Config/Windows/Engine.ini]
[2022.07.06-14.14.55:213][  0]LogConfig: Setting CVar [[r.GPUCrashDebugging:0]]
[2022.07.06-14.14.55:213][  0]LogConfig: Setting CVar [[r.Mobile.DisableVertexFog:1]]
[2022.07.06-14.14.55:213][  0]LogConfig: Setting CVar [[r.Shadow.CSM.MaxMobileCascades:2]]
[2022.07.06-14.14.55:213][  0]LogConfig: Setting CVar [[r.MobileMSAA:1]]
[2022.07.06-14.14.55:213][  0]LogConfig: Setting CVar [[r.Mobile.UseLegacyShadingModel:0]]
[2022.07.06-14.14.55:213][  0]LogConfig: Setting CVar [[r.Mobile.AllowDitheredLODTransition:0]]
[2022.07.06-14.14.55:213][  0]LogConfig: Setting CVar [[r.Mobile.AllowSoftwareOcclusion:0]]
[2022.07.06-14.14.55:213][  0]LogConfig: Setting CVar [[r.Mobile.VirtualTextures:0]]
[2022.07.06-14.14.55:213][  0]LogConfig: Setting CVar [[r.DiscardUnusedQuality:0]]
[2022.07.06-14.14.55:213][  0]LogConfig: Setting CVar [[r.AllowOcclusionQueries:1]]
[2022.07.06-14.14.55:213][  0]LogConfig: Setting CVar [[r.MinScreenRadiusForLights:0.030000]]
[2022.07.06-14.14.55:213][  0]LogConfig: Setting CVar [[r.MinScreenRadiusForDepthPrepass:0.030000]]
[2022.07.06-14.14.55:213][  0]LogConfig: Setting CVar [[r.MinScreenRadiusForCSMDepth:0.010000]]
[2022.07.06-14.14.55:213][  0]LogConfig: Setting CVar [[r.PrecomputedVisibilityWarning:0]]
[2022.07.06-14.14.55:213][  0]LogConfig: Setting CVar [[r.TextureStreaming:1]]
[2022.07.06-14.14.55:213][  0]LogConfig: Setting CVar [[Compat.UseDXT5NormalMaps:0]]
[2022.07.06-14.14.55:213][  0]LogConfig: Setting CVar [[r.VirtualTextures:0]]
[2022.07.06-14.14.55:213][  0]LogConfig: Setting CVar [[r.VirtualTexturedLightmaps:0]]
[2022.07.06-14.14.55:213][  0]LogConfig: Setting CVar [[r.VT.TileSize:128]]
[2022.07.06-14.14.55:213][  0]LogConfig: Setting CVar [[r.VT.TileBorderSize:4]]
[2022.07.06-14.14.55:213][  0]LogConfig: Setting CVar [[r.vt.FeedbackFactor:16]]
[2022.07.06-14.14.55:213][  0]LogConfig: Setting CVar [[r.VT.EnableCompressZlib:1]]
[2022.07.06-14.14.55:213][  0]LogConfig: Setting CVar [[r.VT.EnableCompressCrunch:0]]
[2022.07.06-14.14.55:213][  0]LogConfig: Setting CVar [[r.ClearCoatNormal:0]]
[2022.07.06-14.14.55:213][  0]LogConfig: Setting CVar [[r.AnisotropicBRDF:0]]
[2022.07.06-14.14.55:213][  0]LogConfig: Setting CVar [[r.ReflectionCaptureResolution:128]]
[2022.07.06-14.14.55:213][  0]LogConfig: Setting CVar [[r.ReflectionEnvironmentLightmapMixBasedOnRoughness:1]]
[2022.07.06-14.14.55:213][  0]LogConfig: Setting CVar [[r.ForwardShading:0]]
[2022.07.06-14.14.55:213][  0]LogConfig: Setting CVar [[r.VertexFoggingForOpaque:1]]
[2022.07.06-14.14.55:213][  0]LogConfig: Setting CVar [[r.AllowStaticLighting:1]]
[2022.07.06-14.14.55:213][  0]LogConfig: Setting CVar [[r.NormalMapsForStaticLighting:0]]
[2022.07.06-14.14.55:213][  0]LogConfig: Setting CVar [[r.GenerateMeshDistanceFields:0]]
[2022.07.06-14.14.55:213][  0]LogConfig: Setting CVar [[r.DistanceFieldBuild.EightBit:0]]
[2022.07.06-14.14.55:213][  0]LogConfig: Setting CVar [[r.GenerateLandscapeGIData:0]]
[2022.07.06-14.14.55:213][  0]LogConfig: Setting CVar [[r.DistanceFieldBuild.Compress:0]]
[2022.07.06-14.14.55:213][  0]LogConfig: Setting CVar [[r.TessellationAdaptivePixelsPerTriangle:48.000000]]
[2022.07.06-14.14.55:213][  0]LogConfig: Setting CVar [[r.SeparateTranslucency:1]]
[2022.07.06-14.14.55:213][  0]LogConfig: Setting CVar [[r.TranslucentSortPolicy:0]]
[2022.07.06-14.14.55:213][  0]LogConfig: Setting CVar [[r.CustomDepth:1]]
[2022.07.06-14.14.55:213][  0]LogConfig: Setting CVar [[r.CustomDepthTemporalAAJitter:1]]
[2022.07.06-14.14.55:213][  0]LogConfig: Setting CVar [[r.PostProcessing.PropagateAlpha:0]]
[2022.07.06-14.14.55:213][  0]LogConfig: Setting CVar [[r.DefaultFeature.Bloom:1]]
[2022.07.06-14.14.55:213][  0]LogConfig: Setting CVar [[r.DefaultFeature.AmbientOcclusion:1]]
[2022.07.06-14.14.55:213][  0]LogConfig: Setting CVar [[r.DefaultFeature.AmbientOcclusionStaticFraction:1]]
[2022.07.06-14.14.55:213][  0]LogConfig: Setting CVar [[r.DefaultFeature.AutoExposure:0]]
[2022.07.06-14.14.55:213][  0]LogConfig: Setting CVar [[r.DefaultFeature.AutoExposure.Method:0]]
[2022.07.06-14.14.55:213][  0]LogConfig: Setting CVar [[r.DefaultFeature.AutoExposure.Bias:1.000000]]
[2022.07.06-14.14.55:213][  0]LogConfig: Setting CVar [[r.DefaultFeature.AutoExposure.ExtendDefaultLuminanceRange:0]]
[2022.07.06-14.14.55:213][  0]LogConfig: Setting CVar [[r.UsePreExposure:1]]
[2022.07.06-14.14.55:213][  0]LogConfig: Setting CVar [[r.EyeAdaptation.EditorOnly:0]]
[2022.07.06-14.14.55:213][  0]LogConfig: Setting CVar [[r.DefaultFeature.MotionBlur:0]]
[2022.07.06-14.14.55:213][  0]LogConfig: Setting CVar [[r.DefaultFeature.LensFlare:0]]
[2022.07.06-14.14.55:213][  0]LogConfig: Setting CVar [[r.TemporalAA.Upsampling:0]]
[2022.07.06-14.14.55:213][  0]LogConfig: Setting CVar [[r.SSGI.Enable:0]]
[2022.07.06-14.14.55:213][  0]LogConfig: Setting CVar [[r.DefaultFeature.AntiAliasing:0]]
[2022.07.06-14.14.55:213][  0]LogConfig: Setting CVar [[r.DefaultFeature.LightUnits:1]]
[2022.07.06-14.14.55:213][  0]LogConfig: Setting CVar [[r.DefaultBackBufferPixelFormat:4]]
[2022.07.06-14.14.55:213][  0]LogConfig: Setting CVar [[r.Shadow.UnbuiltPreviewInGame:1]]
[2022.07.06-14.14.55:213][  0]LogConfig: Setting CVar [[r.StencilForLODDither:0]]
[2022.07.06-14.14.55:213][  0]LogConfig: Setting CVar [[r.EarlyZPass:3]]
[2022.07.06-14.14.55:213][  0]LogConfig: Setting CVar [[r.EarlyZPassOnlyMaterialMasking:0]]
[2022.07.06-14.14.55:213][  0]LogConfig: Setting CVar [[r.DBuffer:1]]
[2022.07.06-14.14.55:213][  0]LogConfig: Setting CVar [[r.ClearSceneMethod:1]]
[2022.07.06-14.14.55:214][  0]LogConfig: Setting CVar [[r.BasePassOutputsVelocity:0]]
[2022.07.06-14.14.55:214][  0]LogConfig: Setting CVar [[r.VertexDeformationOutputsVelocity:0]]
[2022.07.06-14.14.55:214][  0]LogConfig: Setting CVar [[r.SelectiveBasePassOutputs:0]]
[2022.07.06-14.14.55:214][  0]LogConfig: Setting CVar [[fx.GPUSimulationTextureSizeX:1024]]
[2022.07.06-14.14.55:214][  0]LogConfig: Setting CVar [[fx.GPUSimulationTextureSizeY:1024]]
[2022.07.06-14.14.55:214][  0]LogConfig: Setting CVar [[r.AllowGlobalClipPlane:0]]
[2022.07.06-14.14.55:214][  0]LogConfig: Setting CVar [[r.GBufferFormat:1]]
[2022.07.06-14.14.55:214][  0]LogConfig: Setting CVar [[r.MorphTarget.Mode:1]]
[2022.07.06-14.14.55:214][  0]LogConfig: Setting CVar [[vr.InstancedStereo:0]]
[2022.07.06-14.14.55:214][  0]LogConfig: Setting CVar [[r.MobileHDR:1]]
[2022.07.06-14.14.55:214][  0]LogConfig: Setting CVar [[vr.MobileMultiView:0]]
[2022.07.06-14.14.55:214][  0]LogConfig: Setting CVar [[r.Mobile.UseHWsRGBEncoding:0]]
[2022.07.06-14.14.55:214][  0]LogConfig: Setting CVar [[vr.RoundRobinOcclusion:0]]
[2022.07.06-14.14.55:214][  0]LogConfig: Setting CVar [[vr.ODSCapture:0]]
[2022.07.06-14.14.55:214][  0]LogConfig: Setting CVar [[r.MeshStreaming:0]]
[2022.07.06-14.14.55:214][  0]LogConfig: Setting CVar [[r.WireframeCullThreshold:5.000000]]
[2022.07.06-14.14.55:214][  0]LogConfig: Setting CVar [[r.RayTracing:0]]
[2022.07.06-14.14.55:214][  0]LogConfig: Setting CVar [[r.RayTracing.UseTextureLod:0]]
[2022.07.06-14.14.55:214][  0]LogConfig: Setting CVar [[r.SupportStationarySkylight:1]]
[2022.07.06-14.14.55:214][  0]LogConfig: Setting CVar [[r.SupportLowQualityLightmaps:1]]
[2022.07.06-14.14.55:214][  0]LogConfig: Setting CVar [[r.SupportPointLightWholeSceneShadows:1]]
[2022.07.06-14.14.55:214][  0]LogConfig: Setting CVar [[r.SupportAtmosphericFog:1]]
[2022.07.06-14.14.55:214][  0]LogConfig: Setting CVar [[r.SupportSkyAtmosphere:1]]
[2022.07.06-14.14.55:214][  0]LogConfig: Setting CVar [[r.SupportSkyAtmosphereAffectsHeightFog:0]]
[2022.07.06-14.14.55:214][  0]LogConfig: Setting CVar [[r.SkinCache.CompileShaders:0]]
[2022.07.06-14.14.55:214][  0]LogConfig: Setting CVar [[r.SkinCache.DefaultBehavior:1]]
[2022.07.06-14.14.55:214][  0]LogConfig: Setting CVar [[r.SkinCache.SceneMemoryLimitInMB:128.000000]]
[2022.07.06-14.14.55:214][  0]LogConfig: Setting CVar [[r.Mobile.EnableStaticAndCSMShadowReceivers:1]]
[2022.07.06-14.14.55:214][  0]LogConfig: Setting CVar [[r.Mobile.EnableMovableLightCSMShaderCulling:1]]
[2022.07.06-14.14.55:214][  0]LogConfig: Setting CVar [[r.Mobile.AllowDistanceFieldShadows:1]]
[2022.07.06-14.14.55:214][  0]LogConfig: Setting CVar [[r.Mobile.AllowMovableDirectionalLights:1]]
[2022.07.06-14.14.55:214][  0]LogConfig: Setting CVar [[r.MobileNumDynamicPointLights:4]]
[2022.07.06-14.14.55:214][  0]LogConfig: Setting CVar [[r.MobileDynamicPointLightsUseStaticBranch:1]]
[2022.07.06-14.14.55:214][  0]LogConfig: Setting CVar [[r.Mobile.EnableMovableSpotlights:0]]
[2022.07.06-14.14.55:214][  0]LogConfig: Setting CVar [[r.GPUSkin.Support16BitBoneIndex:0]]
[2022.07.06-14.14.55:214][  0]LogConfig: Setting CVar [[r.GPUSkin.Limit2BoneInfluences:0]]
[2022.07.06-14.14.55:214][  0]LogConfig: Setting CVar [[r.SupportDepthOnlyIndexBuffers:1]]
[2022.07.06-14.14.55:214][  0]LogConfig: Setting CVar [[r.SupportReversedIndexBuffers:1]]
[2022.07.06-14.14.55:214][  0]LogConfig: Setting CVar [[r.SupportMaterialLayers:0]]
[2022.07.06-14.14.55:214][  0]LogConfig: Setting CVar [[r.LightPropagationVolume:0]]
[2022.07.06-14.14.55:214][  0]LogConfig: Applying CVar settings from Section [/Script/Engine.RendererOverrideSettings] File [D:/PROJECTS/Balletes/Balletes/Saved/Config/Windows/Engine.ini]
[2022.07.06-14.14.55:214][  0]LogConfig: Applying CVar settings from Section [/Script/Engine.StreamingSettings] File [D:/PROJECTS/Balletes/Balletes/Saved/Config/Windows/Engine.ini]
[2022.07.06-14.14.55:214][  0]LogConfig: Setting CVar [[s.MinBulkDataSizeForAsyncLoading:131072]]
[2022.07.06-14.14.55:214][  0]LogConfig: Setting CVar [[s.AsyncLoadingThreadEnabled:0]]
[2022.07.06-14.14.55:214][  0]LogConfig: Setting CVar [[s.EventDrivenLoaderEnabled:1]]
[2022.07.06-14.14.55:214][  0]LogConfig: Setting CVar [[s.WarnIfTimeLimitExceeded:0]]
[2022.07.06-14.14.55:214][  0]LogConfig: Setting CVar [[s.TimeLimitExceededMultiplier:1.5]]
[2022.07.06-14.14.55:214][  0]LogConfig: Setting CVar [[s.TimeLimitExceededMinTime:0.005]]
[2022.07.06-14.14.55:214][  0]LogConfig: Setting CVar [[s.UseBackgroundLevelStreaming:1]]
[2022.07.06-14.14.55:214][  0]LogConfig: Setting CVar [[s.PriorityAsyncLoadingExtraTime:15.0]]
[2022.07.06-14.14.55:214][  0]LogConfig: Setting CVar [[s.LevelStreamingActorsUpdateTimeLimit:5.0]]
[2022.07.06-14.14.55:214][  0]LogConfig: Setting CVar [[s.PriorityLevelStreamingActorsUpdateExtraTime:5.0]]
[2022.07.06-14.14.55:214][  0]LogConfig: Setting CVar [[s.LevelStreamingComponentsRegistrationGranularity:10]]
[2022.07.06-14.14.55:214][  0]LogConfig: Setting CVar [[s.UnregisterComponentsTimeLimit:1.0]]
[2022.07.06-14.14.55:214][  0]LogConfig: Setting CVar [[s.LevelStreamingComponentsUnregistrationGranularity:5]]
[2022.07.06-14.14.55:214][  0]LogConfig: Setting CVar [[s.FlushStreamingOnExit:1]]
[2022.07.06-14.14.55:214][  0]LogConfig: Applying CVar settings from Section [/Script/Engine.GarbageCollectionSettings] File [D:/PROJECTS/Balletes/Balletes/Saved/Config/Windows/Engine.ini]
[2022.07.06-14.14.55:215][  0]LogConfig: Setting CVar [[gc.MaxObjectsNotConsideredByGC:1]]
[2022.07.06-14.14.55:215][  0]LogConfig: Setting CVar [[gc.SizeOfPermanentObjectPool:0]]
[2022.07.06-14.14.55:215][  0]LogConfig: Setting CVar [[gc.FlushStreamingOnGC:0]]
[2022.07.06-14.14.55:215][  0]LogConfig: Setting CVar [[gc.NumRetriesBeforeForcingGC:10]]
[2022.07.06-14.14.55:215][  0]LogConfig: Setting CVar [[gc.AllowParallelGC:1]]
[2022.07.06-14.14.55:215][  0]LogConfig: Setting CVar [[gc.TimeBetweenPurgingPendingKillObjects:61.1]]
[2022.07.06-14.14.55:215][  0]LogConfig: Setting CVar [[gc.MaxObjectsInEditor:25165824]]
[2022.07.06-14.14.55:215][  0]LogConfig: Setting CVar [[gc.IncrementalBeginDestroyEnabled:1]]
[2022.07.06-14.14.55:215][  0]LogConfig: Setting CVar [[gc.CreateGCClusters:1]]
[2022.07.06-14.14.55:215][  0]LogConfig: Setting CVar [[gc.MinGCClusterSize:5]]
[2022.07.06-14.14.55:215][  0]LogConfig: Setting CVar [[gc.ActorClusteringEnabled:0]]
[2022.07.06-14.14.55:215][  0]LogConfig: Setting CVar [[gc.BlueprintClusteringEnabled:0]]
[2022.07.06-14.14.55:215][  0]LogConfig: Setting CVar [[gc.UseDisregardForGCOnDedicatedServers:0]]
[2022.07.06-14.14.55:215][  0]LogConfig: Applying CVar settings from Section [/Script/Engine.NetworkSettings] File [D:/PROJECTS/Balletes/Balletes/Saved/Config/Windows/Engine.ini]
[2022.07.06-14.14.55:215][  0]LogConfig: Applying CVar settings from Section [/Script/UnrealEd.CookerSettings] File [D:/PROJECTS/Balletes/Balletes/Saved/Config/Windows/Engine.ini]
[2022.07.06-14.14.55:219][  0]LogConfig: Applying CVar settings from Section [ViewDistanceQuality@3] File [D:/PROJECTS/Balletes/Balletes/Saved/Config/Windows/Scalability.ini]
[2022.07.06-14.14.55:219][  0]LogConfig: Setting CVar [[r.SkeletalMeshLODBias:0]]
[2022.07.06-14.14.55:219][  0]LogConfig: Setting CVar [[r.ViewDistanceScale:1.0]]
[2022.07.06-14.14.55:219][  0]LogConfig: Applying CVar settings from Section [AntiAliasingQuality@3] File [D:/PROJECTS/Balletes/Balletes/Saved/Config/Windows/Scalability.ini]
[2022.07.06-14.14.55:219][  0]LogConfig: Setting CVar [[r.PostProcessAAQuality:4]]
[2022.07.06-14.14.55:219][  0]LogConfig: Applying CVar settings from Section [ShadowQuality@3] File [D:/PROJECTS/Balletes/Balletes/Saved/Config/Windows/Scalability.ini]
[2022.07.06-14.14.55:219][  0]LogConfig: Setting CVar [[r.LightFunctionQuality:1]]
[2022.07.06-14.14.55:219][  0]LogConfig: Setting CVar [[r.ShadowQuality:5]]
[2022.07.06-14.14.55:220][  0]LogConfig: Setting CVar [[r.Shadow.CSM.MaxCascades:10]]
[2022.07.06-14.14.55:220][  0]LogConfig: Setting CVar [[r.Shadow.MaxResolution:2048]]
[2022.07.06-14.14.55:220][  0]LogConfig: Setting CVar [[r.Shadow.MaxCSMResolution:2048]]
[2022.07.06-14.14.55:220][  0]LogConfig: Setting CVar [[r.Shadow.RadiusThreshold:0.01]]
[2022.07.06-14.14.55:220][  0]LogConfig: Setting CVar [[r.Shadow.DistanceScale:1.0]]
[2022.07.06-14.14.55:220][  0]LogConfig: Setting CVar [[r.Shadow.CSM.TransitionScale:1.0]]
[2022.07.06-14.14.55:220][  0]LogConfig: Setting CVar [[r.Shadow.PreShadowResolutionFactor:1.0]]
[2022.07.06-14.14.55:220][  0]LogConfig: Setting CVar [[r.DistanceFieldShadowing:1]]
[2022.07.06-14.14.55:220][  0]LogConfig: Setting CVar [[r.DistanceFieldAO:1]]
[2022.07.06-14.14.55:220][  0]LogConfig: Setting CVar [[r.AOQuality:2]]
[2022.07.06-14.14.55:220][  0]LogConfig: Setting CVar [[r.VolumetricFog:1]]
[2022.07.06-14.14.55:220][  0]LogConfig: Setting CVar [[r.VolumetricFog.GridPixelSize:8]]
[2022.07.06-14.14.55:220][  0]LogConfig: Setting CVar [[r.VolumetricFog.GridSizeZ:128]]
[2022.07.06-14.14.55:220][  0]LogConfig: Setting CVar [[r.VolumetricFog.HistoryMissSupersampleCount:4]]
[2022.07.06-14.14.55:220][  0]LogConfig: Setting CVar [[r.LightMaxDrawDistanceScale:1]]
[2022.07.06-14.14.55:220][  0]LogConfig: Setting CVar [[r.CapsuleShadows:1]]
[2022.07.06-14.14.55:220][  0]LogConfig: Applying CVar settings from Section [PostProcessQuality@3] File [D:/PROJECTS/Balletes/Balletes/Saved/Config/Windows/Scalability.ini]
[2022.07.06-14.14.55:220][  0]LogConfig: Setting CVar [[r.MotionBlurQuality:4]]
[2022.07.06-14.14.55:220][  0]LogConfig: Setting CVar [[r.AmbientOcclusionMipLevelFactor:0.4]]
[2022.07.06-14.14.55:220][  0]LogConfig: Setting CVar [[r.AmbientOcclusionMaxQuality:100]]
[2022.07.06-14.14.55:220][  0]LogConfig: Setting CVar [[r.AmbientOcclusionLevels:-1]]
[2022.07.06-14.14.55:220][  0]LogConfig: Setting CVar [[r.AmbientOcclusionRadiusScale:1.0]]
[2022.07.06-14.14.55:220][  0]LogConfig: Setting CVar [[r.DepthOfFieldQuality:2]]
[2022.07.06-14.14.55:220][  0]LogConfig: Setting CVar [[r.RenderTargetPoolMin:400]]
[2022.07.06-14.14.55:220][  0]LogConfig: Setting CVar [[r.LensFlareQuality:2]]
[2022.07.06-14.14.55:220][  0]LogConfig: Setting CVar [[r.SceneColorFringeQuality:1]]
[2022.07.06-14.14.55:220][  0]LogConfig: Setting CVar [[r.EyeAdaptationQuality:2]]
[2022.07.06-14.14.55:220][  0]LogConfig: Setting CVar [[r.BloomQuality:5]]
[2022.07.06-14.14.55:220][  0]LogConfig: Setting CVar [[r.FastBlurThreshold:100]]
[2022.07.06-14.14.55:220][  0]LogConfig: Setting CVar [[r.Upscale.Quality:3]]
[2022.07.06-14.14.55:220][  0]LogConfig: Setting CVar [[r.Tonemapper.GrainQuantization:1]]
[2022.07.06-14.14.55:220][  0]LogConfig: Setting CVar [[r.LightShaftQuality:1]]
[2022.07.06-14.14.55:220][  0]LogConfig: Setting CVar [[r.Filter.SizeScale:1]]
[2022.07.06-14.14.55:220][  0]LogConfig: Setting CVar [[r.Tonemapper.Quality:5]]
[2022.07.06-14.14.55:220][  0]LogConfig: Setting CVar [[r.DOF.Gather.AccumulatorQuality:1        ; higher gathering accumulator quality]]
[2022.07.06-14.14.55:220][  0]LogConfig: Setting CVar [[r.DOF.Gather.PostfilterMethod:1          ; Median3x3 postfilering method]]
[2022.07.06-14.14.55:220][  0]LogConfig: Setting CVar [[r.DOF.Gather.EnableBokehSettings:0       ; no bokeh simulation when gathering]]
[2022.07.06-14.14.55:220][  0]LogConfig: Setting CVar [[r.DOF.Gather.RingCount:4                 ; medium number of samples when gathering]]
[2022.07.06-14.14.55:220][  0]LogConfig: Setting CVar [[r.DOF.Scatter.ForegroundCompositing:1    ; additive foreground scattering]]
[2022.07.06-14.14.55:220][  0]LogConfig: Setting CVar [[r.DOF.Scatter.BackgroundCompositing:2    ; additive background scattering]]
[2022.07.06-14.14.55:220][  0]LogConfig: Setting CVar [[r.DOF.Scatter.EnableBokehSettings:1      ; bokeh simulation when scattering]]
[2022.07.06-14.14.55:220][  0]LogConfig: Setting CVar [[r.DOF.Scatter.MaxSpriteRatio:0.1         ; only a maximum of 10% of scattered bokeh]]
[2022.07.06-14.14.55:220][  0]LogConfig: Setting CVar [[r.DOF.Recombine.Quality:1                ; cheap slight out of focus]]
[2022.07.06-14.14.55:220][  0]LogConfig: Setting CVar [[r.DOF.Recombine.EnableBokehSettings:0    ; no bokeh simulation on slight out of focus]]
[2022.07.06-14.14.55:220][  0]LogConfig: Setting CVar [[r.DOF.TemporalAAQuality:1                ; more stable temporal accumulation]]
[2022.07.06-14.14.55:220][  0]LogConfig: Setting CVar [[r.DOF.Kernel.MaxForegroundRadius:0.025]]
[2022.07.06-14.14.55:220][  0]LogConfig: Setting CVar [[r.DOF.Kernel.MaxBackgroundRadius:0.025]]
[2022.07.06-14.14.55:220][  0]LogConfig: Applying CVar settings from Section [TextureQuality@3] File [D:/PROJECTS/Balletes/Balletes/Saved/Config/Windows/Scalability.ini]
[2022.07.06-14.14.55:220][  0]LogConfig: Setting CVar [[r.Streaming.MipBias:0]]
[2022.07.06-14.14.55:220][  0]LogConfig: Setting CVar [[r.Streaming.AmortizeCPUToGPUCopy:0]]
[2022.07.06-14.14.55:220][  0]LogConfig: Setting CVar [[r.Streaming.MaxNumTexturesToStreamPerFrame:0]]
[2022.07.06-14.14.55:220][  0]LogConfig: Setting CVar [[r.Streaming.Boost:1]]
[2022.07.06-14.14.55:220][  0]LogConfig: Setting CVar [[r.MaxAnisotropy:8]]
[2022.07.06-14.14.55:220][  0]LogConfig: Setting CVar [[r.VT.MaxAnisotropy:8]]
[2022.07.06-14.14.55:220][  0]LogConfig: Setting CVar [[r.Streaming.LimitPoolSizeToVRAM:0]]
[2022.07.06-14.14.55:220][  0]LogConfig: Setting CVar [[r.Streaming.PoolSize:1000]]
[2022.07.06-14.14.55:220][  0]LogConfig: Setting CVar [[r.Streaming.MaxEffectiveScreenSize:0]]
[2022.07.06-14.14.55:220][  0]LogConfig: Applying CVar settings from Section [EffectsQuality@3] File [D:/PROJECTS/Balletes/Balletes/Saved/Config/Windows/Scalability.ini]
[2022.07.06-14.14.55:220][  0]LogConfig: Setting CVar [[r.TranslucencyLightingVolumeDim:64]]
[2022.07.06-14.14.55:220][  0]LogConfig: Setting CVar [[r.RefractionQuality:2]]
[2022.07.06-14.14.55:220][  0]LogConfig: Setting CVar [[r.SSR.Quality:3]]
[2022.07.06-14.14.55:220][  0]LogConfig: Setting CVar [[r.SSR.HalfResSceneColor:0]]
[2022.07.06-14.14.55:220][  0]LogConfig: Setting CVar [[r.SceneColorFormat:4]]
[2022.07.06-14.14.55:220][  0]LogConfig: Setting CVar [[r.DetailMode:2]]
[2022.07.06-14.14.55:220][  0]LogConfig: Setting CVar [[r.TranslucencyVolumeBlur:1]]
[2022.07.06-14.14.55:220][  0]LogConfig: Setting CVar [[r.MaterialQualityLevel:1 ; High quality]]
[2022.07.06-14.14.55:220][  0]LogConfig: Setting CVar [[r.SSS.Scale:1]]
[2022.07.06-14.14.55:220][  0]LogConfig: Setting CVar [[r.SSS.SampleSet:2]]
[2022.07.06-14.14.55:220][  0]LogConfig: Setting CVar [[r.SSS.Quality:1]]
[2022.07.06-14.14.55:220][  0]LogConfig: Setting CVar [[r.SSS.HalfRes:0]]
[2022.07.06-14.14.55:220][  0]LogConfig: Setting CVar [[r.SSGI.Quality:3]]
[2022.07.06-14.14.55:220][  0]LogConfig: Setting CVar [[r.EmitterSpawnRateScale:1.0]]
[2022.07.06-14.14.55:220][  0]LogConfig: Setting CVar [[r.ParticleLightQuality:2]]
[2022.07.06-14.14.55:220][  0]LogConfig: Setting CVar [[r.SkyAtmosphere.AerialPerspectiveLUT.FastApplyOnOpaque:1 ; Always have FastSkyLUT 1 in this case to avoid wrong sky]]
[2022.07.06-14.14.55:221][  0]LogConfig: Setting CVar [[r.SkyAtmosphere.AerialPerspectiveLUT.SampleCountPerSlice:1]]
[2022.07.06-14.14.55:221][  0]LogConfig: Setting CVar [[r.SkyAtmosphere.AerialPerspectiveLUT.DepthResolution:16.0]]
[2022.07.06-14.14.55:221][  0]LogConfig: Setting CVar [[r.SkyAtmosphere.FastSkyLUT:1]]
[2022.07.06-14.14.55:221][  0]LogConfig: Setting CVar [[r.SkyAtmosphere.FastSkyLUT.SampleCountMin:4.0]]
[2022.07.06-14.14.55:221][  0]LogConfig: Setting CVar [[r.SkyAtmosphere.FastSkyLUT.SampleCountMax:32.0]]
[2022.07.06-14.14.55:221][  0]LogConfig: Setting CVar [[r.SkyAtmosphere.SampleCountMin:4.0]]
[2022.07.06-14.14.55:221][  0]LogConfig: Setting CVar [[r.SkyAtmosphere.SampleCountMax:32.0]]
[2022.07.06-14.14.55:221][  0]LogConfig: Setting CVar [[r.SkyAtmosphere.TransmittanceLUT.UseSmallFormat:0]]
[2022.07.06-14.14.55:221][  0]LogConfig: Setting CVar [[r.SkyAtmosphere.TransmittanceLUT.SampleCount:10.0]]
[2022.07.06-14.14.55:221][  0]LogConfig: Setting CVar [[r.SkyAtmosphere.MultiScatteringLUT.SampleCount:15.0]]
[2022.07.06-14.14.55:221][  0]LogConfig: Applying CVar settings from Section [FoliageQuality@3] File [D:/PROJECTS/Balletes/Balletes/Saved/Config/Windows/Scalability.ini]
[2022.07.06-14.14.55:221][  0]LogConfig: Setting CVar [[foliage.DensityScale:1.0]]
[2022.07.06-14.14.55:221][  0]LogConfig: Setting CVar [[grass.DensityScale:1.0]]
[2022.07.06-14.14.55:221][  0]LogConfig: Applying CVar settings from Section [ShadingQuality@3] File [D:/PROJECTS/Balletes/Balletes/Saved/Config/Windows/Scalability.ini]
[2022.07.06-14.14.55:221][  0]LogConfig: Setting CVar [[r.HairStrands.SkyLighting.SampleCount:16]]
[2022.07.06-14.14.55:221][  0]LogConfig: Setting CVar [[r.HairStrands.SkyLighting.JitterIntegration:0]]
[2022.07.06-14.14.55:221][  0]LogConfig: Setting CVar [[r.HairStrands.SkyAO.SampleCount:16]]
[2022.07.06-14.14.55:221][  0]LogConfig: Setting CVar [[r.HairStrands.DeepShadow.SuperSampling:0]]
[2022.07.06-14.14.55:221][  0]LogConfig: Setting CVar [[r.HairStrands.VisibilityPPLL:0]]
[2022.07.06-14.14.55:221][  0]LogConfig: Setting CVar [[r.HairStrands.RasterizationScale:0.5]]
[2022.07.06-14.14.55:221][  0]LogConfig: Setting CVar [[r.HairStrands.VelocityRasterizationScale:1]]
[2022.07.06-14.14.55:221][  0]LogInit: Selected Device Profile: [Windows]
[2022.07.06-14.14.55:221][  0]LogInit: Applying CVar settings loaded from the selected device profile: [Windows]
[2022.07.06-14.14.55:221][  0]LogHAL: Display: Platform has ~ 16 GB [17028943872 / 17179869184 / 16], which maps to Larger [LargestMinGB=32, LargerMinGB=12, DefaultMinGB=8, SmallerMinGB=6, SmallestMinGB=0)
[2022.07.06-14.14.55:221][  0]LogInit: Going up to parent DeviceProfile []
[2022.07.06-14.14.55:221][  0]LogConfig: Applying CVar settings from Section [ViewDistanceQuality@3] File [D:/PROJECTS/Balletes/Balletes/Saved/Config/Windows/Scalability.ini]
[2022.07.06-14.14.55:221][  0]LogConfig: Setting CVar [[r.SkeletalMeshLODBias:0]]
[2022.07.06-14.14.55:221][  0]LogConfig: Setting CVar [[r.ViewDistanceScale:1.0]]
[2022.07.06-14.14.55:221][  0]LogConfig: Applying CVar settings from Section [AntiAliasingQuality@3] File [D:/PROJECTS/Balletes/Balletes/Saved/Config/Windows/Scalability.ini]
[2022.07.06-14.14.55:221][  0]LogConfig: Setting CVar [[r.PostProcessAAQuality:4]]
[2022.07.06-14.14.55:221][  0]LogConfig: Applying CVar settings from Section [ShadowQuality@3] File [D:/PROJECTS/Balletes/Balletes/Saved/Config/Windows/Scalability.ini]
[2022.07.06-14.14.55:221][  0]LogConfig: Setting CVar [[r.LightFunctionQuality:1]]
[2022.07.06-14.14.55:221][  0]LogConfig: Setting CVar [[r.ShadowQuality:5]]
[2022.07.06-14.14.55:221][  0]LogConfig: Setting CVar [[r.Shadow.CSM.MaxCascades:10]]
[2022.07.06-14.14.55:221][  0]LogConfig: Setting CVar [[r.Shadow.MaxResolution:2048]]
[2022.07.06-14.14.55:221][  0]LogConfig: Setting CVar [[r.Shadow.MaxCSMResolution:2048]]
[2022.07.06-14.14.55:221][  0]LogConfig: Setting CVar [[r.Shadow.RadiusThreshold:0.01]]
[2022.07.06-14.14.55:221][  0]LogConfig: Setting CVar [[r.Shadow.DistanceScale:1.0]]
[2022.07.06-14.14.55:221][  0]LogConfig: Setting CVar [[r.Shadow.CSM.TransitionScale:1.0]]
[2022.07.06-14.14.55:221][  0]LogConfig: Setting CVar [[r.Shadow.PreShadowResolutionFactor:1.0]]
[2022.07.06-14.14.55:221][  0]LogConfig: Setting CVar [[r.DistanceFieldShadowing:1]]
[2022.07.06-14.14.55:221][  0]LogConfig: Setting CVar [[r.DistanceFieldAO:1]]
[2022.07.06-14.14.55:221][  0]LogConfig: Setting CVar [[r.AOQuality:2]]
[2022.07.06-14.14.55:221][  0]LogConfig: Setting CVar [[r.VolumetricFog:1]]
[2022.07.06-14.14.55:221][  0]LogConfig: Setting CVar [[r.VolumetricFog.GridPixelSize:8]]
[2022.07.06-14.14.55:221][  0]LogConfig: Setting CVar [[r.VolumetricFog.GridSizeZ:128]]
[2022.07.06-14.14.55:221][  0]LogConfig: Setting CVar [[r.VolumetricFog.HistoryMissSupersampleCount:4]]
[2022.07.06-14.14.55:221][  0]LogConfig: Setting CVar [[r.LightMaxDrawDistanceScale:1]]
[2022.07.06-14.14.55:221][  0]LogConfig: Setting CVar [[r.CapsuleShadows:1]]
[2022.07.06-14.14.55:221][  0]LogConfig: Applying CVar settings from Section [PostProcessQuality@3] File [D:/PROJECTS/Balletes/Balletes/Saved/Config/Windows/Scalability.ini]
[2022.07.06-14.14.55:221][  0]LogConfig: Setting CVar [[r.MotionBlurQuality:4]]
[2022.07.06-14.14.55:221][  0]LogConfig: Setting CVar [[r.AmbientOcclusionMipLevelFactor:0.4]]
[2022.07.06-14.14.55:221][  0]LogConfig: Setting CVar [[r.AmbientOcclusionMaxQuality:100]]
[2022.07.06-14.14.55:221][  0]LogConfig: Setting CVar [[r.AmbientOcclusionLevels:-1]]
[2022.07.06-14.14.55:221][  0]LogConfig: Setting CVar [[r.AmbientOcclusionRadiusScale:1.0]]
[2022.07.06-14.14.55:221][  0]LogConfig: Setting CVar [[r.DepthOfFieldQuality:2]]
[2022.07.06-14.14.55:221][  0]LogConfig: Setting CVar [[r.RenderTargetPoolMin:400]]
[2022.07.06-14.14.55:221][  0]LogConfig: Setting CVar [[r.LensFlareQuality:2]]
[2022.07.06-14.14.55:221][  0]LogConfig: Setting CVar [[r.SceneColorFringeQuality:1]]
[2022.07.06-14.14.55:221][  0]LogConfig: Setting CVar [[r.EyeAdaptationQuality:2]]
[2022.07.06-14.14.55:221][  0]LogConfig: Setting CVar [[r.BloomQuality:5]]
[2022.07.06-14.14.55:221][  0]LogConfig: Setting CVar [[r.FastBlurThreshold:100]]
[2022.07.06-14.14.55:221][  0]LogConfig: Setting CVar [[r.Upscale.Quality:3]]
[2022.07.06-14.14.55:221][  0]LogConfig: Setting CVar [[r.Tonemapper.GrainQuantization:1]]
[2022.07.06-14.14.55:221][  0]LogConfig: Setting CVar [[r.LightShaftQuality:1]]
[2022.07.06-14.14.55:221][  0]LogConfig: Setting CVar [[r.Filter.SizeScale:1]]
[2022.07.06-14.14.55:221][  0]LogConfig: Setting CVar [[r.Tonemapper.Quality:5]]
[2022.07.06-14.14.55:221][  0]LogConfig: Setting CVar [[r.DOF.Gather.AccumulatorQuality:1        ; higher gathering accumulator quality]]
[2022.07.06-14.14.55:221][  0]LogConfig: Setting CVar [[r.DOF.Gather.PostfilterMethod:1          ; Median3x3 postfilering method]]
[2022.07.06-14.14.55:221][  0]LogConfig: Setting CVar [[r.DOF.Gather.EnableBokehSettings:0       ; no bokeh simulation when gathering]]
[2022.07.06-14.14.55:221][  0]LogConfig: Setting CVar [[r.DOF.Gather.RingCount:4                 ; medium number of samples when gathering]]
[2022.07.06-14.14.55:221][  0]LogConfig: Setting CVar [[r.DOF.Scatter.ForegroundCompositing:1    ; additive foreground scattering]]
[2022.07.06-14.14.55:222][  0]LogConfig: Setting CVar [[r.DOF.Scatter.BackgroundCompositing:2    ; additive background scattering]]
[2022.07.06-14.14.55:222][  0]LogConfig: Setting CVar [[r.DOF.Scatter.EnableBokehSettings:1      ; bokeh simulation when scattering]]
[2022.07.06-14.14.55:222][  0]LogConfig: Setting CVar [[r.DOF.Scatter.MaxSpriteRatio:0.1         ; only a maximum of 10% of scattered bokeh]]
[2022.07.06-14.14.55:222][  0]LogConfig: Setting CVar [[r.DOF.Recombine.Quality:1                ; cheap slight out of focus]]
[2022.07.06-14.14.55:222][  0]LogConfig: Setting CVar [[r.DOF.Recombine.EnableBokehSettings:0    ; no bokeh simulation on slight out of focus]]
[2022.07.06-14.14.55:222][  0]LogConfig: Setting CVar [[r.DOF.TemporalAAQuality:1                ; more stable temporal accumulation]]
[2022.07.06-14.14.55:222][  0]LogConfig: Setting CVar [[r.DOF.Kernel.MaxForegroundRadius:0.025]]
[2022.07.06-14.14.55:222][  0]LogConfig: Setting CVar [[r.DOF.Kernel.MaxBackgroundRadius:0.025]]
[2022.07.06-14.14.55:222][  0]LogConfig: Applying CVar settings from Section [TextureQuality@3] File [D:/PROJECTS/Balletes/Balletes/Saved/Config/Windows/Scalability.ini]
[2022.07.06-14.14.55:222][  0]LogConfig: Setting CVar [[r.Streaming.MipBias:0]]
[2022.07.06-14.14.55:222][  0]LogConfig: Setting CVar [[r.Streaming.AmortizeCPUToGPUCopy:0]]
[2022.07.06-14.14.55:222][  0]LogConfig: Setting CVar [[r.Streaming.MaxNumTexturesToStreamPerFrame:0]]
[2022.07.06-14.14.55:222][  0]LogConfig: Setting CVar [[r.Streaming.Boost:1]]
[2022.07.06-14.14.55:222][  0]LogConfig: Setting CVar [[r.MaxAnisotropy:8]]
[2022.07.06-14.14.55:222][  0]LogConfig: Setting CVar [[r.VT.MaxAnisotropy:8]]
[2022.07.06-14.14.55:222][  0]LogConfig: Setting CVar [[r.Streaming.LimitPoolSizeToVRAM:0]]
[2022.07.06-14.14.55:222][  0]LogConfig: Setting CVar [[r.Streaming.PoolSize:1000]]
[2022.07.06-14.14.55:222][  0]LogConfig: Setting CVar [[r.Streaming.MaxEffectiveScreenSize:0]]
[2022.07.06-14.14.55:222][  0]LogConfig: Applying CVar settings from Section [EffectsQuality@3] File [D:/PROJECTS/Balletes/Balletes/Saved/Config/Windows/Scalability.ini]
[2022.07.06-14.14.55:222][  0]LogConfig: Setting CVar [[r.TranslucencyLightingVolumeDim:64]]
[2022.07.06-14.14.55:222][  0]LogConfig: Setting CVar [[r.RefractionQuality:2]]
[2022.07.06-14.14.55:222][  0]LogConfig: Setting CVar [[r.SSR.Quality:3]]
[2022.07.06-14.14.55:222][  0]LogConfig: Setting CVar [[r.SSR.HalfResSceneColor:0]]
[2022.07.06-14.14.55:222][  0]LogConfig: Setting CVar [[r.SceneColorFormat:4]]
[2022.07.06-14.14.55:222][  0]LogConfig: Setting CVar [[r.DetailMode:2]]
[2022.07.06-14.14.55:222][  0]LogConfig: Setting CVar [[r.TranslucencyVolumeBlur:1]]
[2022.07.06-14.14.55:222][  0]LogConfig: Setting CVar [[r.MaterialQualityLevel:1 ; High quality]]
[2022.07.06-14.14.55:222][  0]LogConfig: Setting CVar [[r.SSS.Scale:1]]
[2022.07.06-14.14.55:222][  0]LogConfig: Setting CVar [[r.SSS.SampleSet:2]]
[2022.07.06-14.14.55:222][  0]LogConfig: Setting CVar [[r.SSS.Quality:1]]
[2022.07.06-14.14.55:222][  0]LogConfig: Setting CVar [[r.SSS.HalfRes:0]]
[2022.07.06-14.14.55:222][  0]LogConfig: Setting CVar [[r.SSGI.Quality:3]]
[2022.07.06-14.14.55:222][  0]LogConfig: Setting CVar [[r.EmitterSpawnRateScale:1.0]]
[2022.07.06-14.14.55:222][  0]LogConfig: Setting CVar [[r.ParticleLightQuality:2]]
[2022.07.06-14.14.55:222][  0]LogConfig: Setting CVar [[r.SkyAtmosphere.AerialPerspectiveLUT.FastApplyOnOpaque:1 ; Always have FastSkyLUT 1 in this case to avoid wrong sky]]
[2022.07.06-14.14.55:222][  0]LogConfig: Setting CVar [[r.SkyAtmosphere.AerialPerspectiveLUT.SampleCountPerSlice:1]]
[2022.07.06-14.14.55:222][  0]LogConfig: Setting CVar [[r.SkyAtmosphere.AerialPerspectiveLUT.DepthResolution:16.0]]
[2022.07.06-14.14.55:222][  0]LogConfig: Setting CVar [[r.SkyAtmosphere.FastSkyLUT:1]]
[2022.07.06-14.14.55:222][  0]LogConfig: Setting CVar [[r.SkyAtmosphere.FastSkyLUT.SampleCountMin:4.0]]
[2022.07.06-14.14.55:222][  0]LogConfig: Setting CVar [[r.SkyAtmosphere.FastSkyLUT.SampleCountMax:32.0]]
[2022.07.06-14.14.55:222][  0]LogConfig: Setting CVar [[r.SkyAtmosphere.SampleCountMin:4.0]]
[2022.07.06-14.14.55:222][  0]LogConfig: Setting CVar [[r.SkyAtmosphere.SampleCountMax:32.0]]
[2022.07.06-14.14.55:222][  0]LogConfig: Setting CVar [[r.SkyAtmosphere.TransmittanceLUT.UseSmallFormat:0]]
[2022.07.06-14.14.55:222][  0]LogConfig: Setting CVar [[r.SkyAtmosphere.TransmittanceLUT.SampleCount:10.0]]
[2022.07.06-14.14.55:222][  0]LogConfig: Setting CVar [[r.SkyAtmosphere.MultiScatteringLUT.SampleCount:15.0]]
[2022.07.06-14.14.55:222][  0]LogConfig: Applying CVar settings from Section [FoliageQuality@3] File [D:/PROJECTS/Balletes/Balletes/Saved/Config/Windows/Scalability.ini]
[2022.07.06-14.14.55:222][  0]LogConfig: Setting CVar [[foliage.DensityScale:1.0]]
[2022.07.06-14.14.55:222][  0]LogConfig: Setting CVar [[grass.DensityScale:1.0]]
[2022.07.06-14.14.55:222][  0]LogConfig: Applying CVar settings from Section [ShadingQuality@3] File [D:/PROJECTS/Balletes/Balletes/Saved/Config/Windows/Scalability.ini]
[2022.07.06-14.14.55:222][  0]LogConfig: Setting CVar [[r.HairStrands.SkyLighting.SampleCount:16]]
[2022.07.06-14.14.55:222][  0]LogConfig: Setting CVar [[r.HairStrands.SkyLighting.JitterIntegration:0]]
[2022.07.06-14.14.55:222][  0]LogConfig: Setting CVar [[r.HairStrands.SkyAO.SampleCount:16]]
[2022.07.06-14.14.55:222][  0]LogConfig: Setting CVar [[r.HairStrands.DeepShadow.SuperSampling:0]]
[2022.07.06-14.14.55:222][  0]LogConfig: Setting CVar [[r.HairStrands.VisibilityPPLL:0]]
[2022.07.06-14.14.55:222][  0]LogConfig: Setting CVar [[r.HairStrands.RasterizationScale:0.5]]
[2022.07.06-14.14.55:222][  0]LogConfig: Setting CVar [[r.HairStrands.VelocityRasterizationScale:1]]
[2022.07.06-14.14.55:222][  0]LogConfig: Applying CVar settings from Section [Startup] File [../../../Engine/Config/ConsoleVariables.ini]
[2022.07.06-14.14.55:222][  0]LogConfig: Setting CVar [[net.UseAdaptiveNetUpdateFrequency:0]]
[2022.07.06-14.14.55:223][  0]LogConfig: Setting CVar [[p.chaos.AllowCreatePhysxBodies:1]]
[2022.07.06-14.14.55:223][  0]LogConfig: Setting CVar [[fx.SkipVectorVMBackendOptimizations:1]]
[2022.07.06-14.14.55:223][  0]LogConfig: Applying CVar settings from Section [ConsoleVariables] File [D:/PROJECTS/Balletes/Balletes/Saved/Config/Windows/Engine.ini]
[2022.07.06-14.14.55:223][  0]LogInit: Computer: DESKTOP-22NA1JB
[2022.07.06-14.14.55:223][  0]LogInit: User: WIN10
[2022.07.06-14.14.55:223][  0]LogInit: CPU Page size=4096, Cores=4
[2022.07.06-14.14.55:223][  0]LogInit: High frequency timer resolution =10.000000 MHz
[2022.07.06-14.14.55:223][  0]LogMemory: Memory total: Physical=15.9GB (16GB approx)
[2022.07.06-14.14.55:223][  0]LogMemory: Platform Memory Stats for Windows
[2022.07.06-14.14.55:223][  0]LogMemory: Process Physical Memory: 117.02 MB used, 117.02 MB peak
[2022.07.06-14.14.55:223][  0]LogMemory: Process Virtual Memory: 104.66 MB used, 104.66 MB peak
[2022.07.06-14.14.55:223][  0]LogMemory: Physical Memory: 7310.22 MB used,  8929.85 MB free, 16240.07 MB total
[2022.07.06-14.14.55:223][  0]LogMemory: Virtual Memory: 5153.60 MB used,  134212576.00 MB free, 134217728.00 MB total
[2022.07.06-14.14.55:229][  0]LogWindows: WindowsPlatformFeatures enabled
[2022.07.06-14.14.55:302][  0]LogInit: Physics initialised using underlying interface: PhysX
[2022.07.06-14.14.55:303][  0]LogInit: Using OS detected language (en-US).
[2022.07.06-14.14.55:303][  0]LogInit: Using OS detected locale (pt-PT).
[2022.07.06-14.14.55:304][  0]LogTextLocalizationManager: No specific localization for 'en-US' exists, so the 'en' localization will be used.
[2022.07.06-14.14.55:472][  0]LogInit: Setting process to per monitor DPI aware
[2022.07.06-14.14.55:499][  0]LogSlate: New Slate User Created.  User Index 0, Is Virtual User: 0
[2022.07.06-14.14.55:499][  0]LogSlate: Slate User Registered.  User Index 0, Is Virtual User: 0
[2022.07.06-14.14.55:776][  0]LogHMD: Failed to initialize OpenVR with code 110
[2022.07.06-14.14.55:776][  0]LogD3D11RHI: D3D11 min allowed feature level: 11_0
[2022.07.06-14.14.55:776][  0]LogD3D11RHI: D3D11 max allowed feature level: 11_0
[2022.07.06-14.14.55:776][  0]LogD3D11RHI: D3D11 adapters:
[2022.07.06-14.14.55:886][  0]LogD3D11RHI:    0. 'NVIDIA GeForce GTX 1050 Ti' (Feature Level 11_0)
[2022.07.06-14.14.55:886][  0]LogD3D11RHI:       4021/0/8120 MB DedicatedVideo/DedicatedSystem/SharedSystem, Outputs:2, VendorId:0x10de
[2022.07.06-14.14.55:939][  0]LogD3D11RHI:    1. 'Intel(R) UHD Graphics 630' (Feature Level 11_0)
[2022.07.06-14.14.55:939][  0]LogD3D11RHI:       128/0/8120 MB DedicatedVideo/DedicatedSystem/SharedSystem, Outputs:0, VendorId:0x8086
[2022.07.06-14.14.55:943][  0]LogD3D11RHI:    2. 'Microsoft Basic Render Driver' (Feature Level 11_0)
[2022.07.06-14.14.55:943][  0]LogD3D11RHI:       0/0/8120 MB DedicatedVideo/DedicatedSystem/SharedSystem, Outputs:0, VendorId:0x1414
[2022.07.06-14.14.55:943][  0]LogD3D11RHI: Chosen D3D11 Adapter: 0
[2022.07.06-14.14.55:950][  0]LogD3D11RHI: Creating new Direct3DDevice
[2022.07.06-14.14.55:950][  0]LogD3D11RHI:     GPU DeviceId: 0x1c8c (for the marketing name, search the web for "GPU Device Id")
[2022.07.06-14.14.55:950][  0]LogWindows: EnumDisplayDevices:
[2022.07.06-14.14.55:950][  0]LogWindows:    0. 'Intel(R) UHD Graphics 630' (P:1 D:1)
[2022.07.06-14.14.55:951][  0]LogWindows:    1. 'Intel(R) UHD Graphics 630' (P:0 D:1)
[2022.07.06-14.14.55:951][  0]LogWindows:    2. 'Intel(R) UHD Graphics 630' (P:0 D:0)
[2022.07.06-14.14.55:951][  0]LogWindows: DebugString: PrimaryIsNotTheChoosenAdapter PrimaryIsNotTheChoosenAdapter PrimaryIsNotTheChoosenAdapter FoundDriverCount:0 
[2022.07.06-14.14.55:951][  0]LogD3D11RHI:     Adapter Name: NVIDIA GeForce GTX 1050 Ti
[2022.07.06-14.14.55:951][  0]LogD3D11RHI:   Driver Version: Unknown (internal:Unknown, unified:Unknown)
[2022.07.06-14.14.55:951][  0]LogD3D11RHI:      Driver Date: Unknown
[2022.07.06-14.14.55:951][  0]LogRHI: Texture pool is 2814 MB (70% of 4021 MB)
[2022.07.06-14.14.56:051][  0]LogD3D11RHI: RHI has support for 64 bit atomics
[2022.07.06-14.14.56:051][  0]LogD3D11RHI: Async texture creation enabled
[2022.07.06-14.14.56:051][  0]LogD3D11RHI: Array index from any shader is supported
[2022.07.06-14.14.56:073][  0]LogD3D11RHI: GPU Timing Frequency: 1000.000000 (Debug: 2 1)
[2022.07.06-14.14.56:457][  0]LogTargetPlatformManager: Display: Loaded TargetPlatform 'AllDesktop'
[2022.07.06-14.14.56:478][  0]LogTargetPlatformManager: Display: Loaded TargetPlatform 'Android'
[2022.07.06-14.14.56:478][  0]LogTargetPlatformManager: Display: Loaded TargetPlatform 'Android_ASTC'
[2022.07.06-14.14.56:478][  0]LogTargetPlatformManager: Display: Loaded TargetPlatform 'Android_DXT'
[2022.07.06-14.14.56:478][  0]LogTargetPlatformManager: Display: Loaded TargetPlatform 'Android_ETC2'
[2022.07.06-14.14.56:478][  0]LogTargetPlatformManager: Display: Loaded TargetPlatform 'AndroidClient'
[2022.07.06-14.14.56:478][  0]LogTargetPlatformManager: Display: Loaded TargetPlatform 'Android_ASTCClient'
[2022.07.06-14.14.56:478][  0]LogTargetPlatformManager: Display: Loaded TargetPlatform 'Android_DXTClient'
[2022.07.06-14.14.56:478][  0]LogTargetPlatformManager: Display: Loaded TargetPlatform 'Android_ETC2Client'
[2022.07.06-14.14.56:478][  0]LogTargetPlatformManager: Display: Loaded TargetPlatform 'Android_Multi'
[2022.07.06-14.14.56:478][  0]LogTargetPlatformManager: Display: Loaded TargetPlatform 'Android_MultiClient'
[2022.07.06-14.14.56:500][  0]LogTargetPlatformManager: Display: Loaded TargetPlatform 'IOSClient'
[2022.07.06-14.14.56:500][  0]LogTargetPlatformManager: Display: Loaded TargetPlatform 'IOS'
[2022.07.06-14.14.56:511][  0]LogTargetPlatformManager: Display: Loaded TargetPlatform 'Linux'
[2022.07.06-14.14.56:521][  0]LogTargetPlatformManager: Display: Loaded TargetPlatform 'LinuxNoEditor'
[2022.07.06-14.14.56:530][  0]LogTargetPlatformManager: Display: Loaded TargetPlatform 'LinuxClient'
[2022.07.06-14.14.56:538][  0]LogTargetPlatformManager: Display: Loaded TargetPlatform 'LinuxServer'
[2022.07.06-14.14.56:546][  0]LogTargetPlatformManager: Display: Loaded TargetPlatform 'LinuxAArch64NoEditor'
[2022.07.06-14.14.56:555][  0]LogTargetPlatformManager: Display: Loaded TargetPlatform 'LinuxAArch64Client'
[2022.07.06-14.14.56:566][  0]LogTargetPlatformManager: Display: Loaded TargetPlatform 'LinuxAArch64Server'
[2022.07.06-14.14.56:610][  0]LogTargetPlatformManager: Display: Loaded TargetPlatform 'Lumin'
[2022.07.06-14.14.56:610][  0]LogTargetPlatformManager: Display: Loaded TargetPlatform 'LuminClient'
[2022.07.06-14.14.56:629][  0]LogTargetPlatformManager: Display: Loaded TargetPlatform 'TVOSClient'
[2022.07.06-14.14.56:629][  0]LogTargetPlatformManager: Display: Loaded TargetPlatform 'TVOS'
[2022.07.06-14.14.56:639][  0]LogTargetPlatformManager: Display: Loaded TargetPlatform 'WindowsNoEditor'
[2022.07.06-14.14.56:652][  0]LogTargetPlatformManager: Display: Loaded TargetPlatform 'Windows'
[2022.07.06-14.14.56:668][  0]LogTargetPlatformManager: Display: Loaded TargetPlatform 'WindowsClient'
[2022.07.06-14.14.56:684][  0]LogTargetPlatformManager: Display: Loaded TargetPlatform 'WindowsServer'
[2022.07.06-14.14.56:685][  0]LogTargetPlatformManager: Display: Building Assets For Windows
[2022.07.06-14.14.56:701][  0]LogAudioDebug: Display: Lib vorbis DLL was dynamically loaded.
[2022.07.06-14.14.56:800][  0]LogShaderCompilers: Guid format shader working directory is 4 characters bigger than the processId version (../../../../../PROJECTS/Balletes/Balletes/Intermediate/Shaders/WorkingDirectory/25648/).
[2022.07.06-14.14.56:801][  0]LogShaderCompilers: Cleaned the shader compiler working directory 'C:/Users/WIN10/AppData/Local/Temp/UnrealShaderWorkingDir/0D55FC2E4033A5F87E3362BF94B5E7E9/'.
[2022.07.06-14.14.56:801][  0]LogXGEController: Cannot use XGE Controller as Incredibuild is not installed on this machine.
[2022.07.06-14.14.56:802][  0]LogShaderCompilers: Cannot use XGE Shader Compiler as Incredibuild is not installed on this machine.
[2022.07.06-14.14.56:802][  0]LogShaderCompilers: Display: Using Local Shader Compiler.
[2022.07.06-14.14.57:914][  0]LogDerivedDataCache: Display: Max Cache Size: 512 MB
[2022.07.06-14.14.57:975][  0]LogDerivedDataCache: Loaded boot cache 0.06s 76MB C:/Users/WIN10/AppData/Local/UnrealEngine/4.25/DerivedDataCache/Boot.ddc.
[2022.07.06-14.14.57:975][  0]LogDerivedDataCache: Display: Loaded Boot cache: C:/Users/WIN10/AppData/Local/UnrealEngine/4.25/DerivedDataCache/Boot.ddc
[2022.07.06-14.14.57:975][  0]LogDerivedDataCache: FDerivedDataBackendGraph:  Pak pak cache file ../../../../../PROJECTS/Balletes/Balletes/DerivedDataCache/DDC.ddp not found, will not use a pak cache.
[2022.07.06-14.14.57:975][  0]LogDerivedDataCache: Unable to find inner node Pak for hierarchical cache Hierarchy.
[2022.07.06-14.14.57:975][  0]LogDerivedDataCache: FDerivedDataBackendGraph:  CompressedPak pak cache file ../../../../../PROJECTS/Balletes/Balletes/DerivedDataCache/Compressed.ddp not found, will not use a pak cache.
[2022.07.06-14.14.57:975][  0]LogDerivedDataCache: Unable to find inner node CompressedPak for hierarchical cache Hierarchy.
[2022.07.06-14.14.57:985][  0]LogDerivedDataCache: Display: Pak cache opened for reading ../../../Engine/DerivedDataCache/Compressed.ddp.
[2022.07.06-14.14.57:985][  0]LogDerivedDataCache: FDerivedDataBackendGraph:  EnterprisePak pak cache file ../../../Enterprise/DerivedDataCache/Compressed.ddp not found, will not use a pak cache.
[2022.07.06-14.14.57:985][  0]LogDerivedDataCache: Unable to find inner node EnterprisePak for hierarchical cache Hierarchy.
[2022.07.06-14.14.57:986][  0]LogDerivedDataCache: Using Local data cache path C:/Users/WIN10/AppData/Local/UnrealEngine/Common/DerivedDataCache: Writable
[2022.07.06-14.14.57:986][  0]LogDerivedDataCache: Shared data cache path not found in *engine.ini, will not use an Shared cache.
[2022.07.06-14.14.57:986][  0]LogDerivedDataCache: Unable to find inner node Shared for hierarchical cache Hierarchy.
[2022.07.06-14.14.58:040][  0]LogSlate: Using FreeType 2.10.0
[2022.07.06-14.14.58:042][  0]LogSlate: SlateFontServices - WITH_FREETYPE: 1, WITH_HARFBUZZ: 1
[2022.07.06-14.14.58:071][  0]LogAssetRegistry: FAssetRegistry took 0.0032 seconds to start up
[2022.07.06-14.14.58:342][  0]LogInit: Selected Device Profile: [Windows]
[2022.07.06-14.14.58:493][  0]LogMeshReduction: Using QuadricMeshReduction for automatic static mesh reduction
[2022.07.06-14.14.58:493][  0]LogMeshReduction: Using SimplygonMeshReduction for automatic skeletal mesh reduction
[2022.07.06-14.14.58:493][  0]LogMeshReduction: Using ProxyLODMeshReduction for automatic mesh merging
[2022.07.06-14.14.58:493][  0]LogMeshReduction: No distributed automatic mesh merging module available
[2022.07.06-14.14.58:493][  0]LogMeshMerging: No distributed automatic mesh merging module available
[2022.07.06-14.14.58:510][  0]LogNetVersion: Balletes 1.0.0, NetCL: 13144385, EngineNetVer: 14, GameNetVer: 0 (Checksum: 2599550935)
[2022.07.06-14.14.58:982][  0]LogAISub: UAISubsystem::UAISubsystem AISubsystem (0000021275BA8340), frame # 0
[2022.07.06-14.14.58:982][  0]LogAISub: UAISubsystem::UAISubsystem AIPerceptionSystem (0000021275AF0CC0), frame # 0
[2022.07.06-14.14.58:983][  0]LogAISub: UAISubsystem::UAISubsystem EnvQueryManager (0000021275B2E000), frame # 0
[2022.07.06-14.14.59:037][  0]LogPackageLocalizationCache: Processed 19 localized package path(s) for 1 prioritized culture(s) in 0.045372 seconds
[2022.07.06-14.14.59:044][  0]LogUObjectArray: 15917 objects as part of root set at end of initial load.
[2022.07.06-14.14.59:044][  0]LogUObjectAllocator: 3965568 out of 0 bytes used by permanent object pool.
[2022.07.06-14.14.59:044][  0]LogUObjectArray: CloseDisregardForGC: 0/0 objects in disregard for GC pool
[2022.07.06-14.14.59:405][  0]LogTcpMessaging: Initializing TcpMessaging bridge
[2022.07.06-14.14.59:411][  0]LogUdpMessaging: Initializing bridge on interface 0.0.0.0:0 to multicast group 230.0.0.1:6666.
[2022.07.06-14.14.59:600][  0]SourceControl: Source control is disabled
[2022.07.06-14.14.59:600][  0]SourceControl: Source control is disabled
[2022.07.06-14.14.59:605][  0]SourceControl: Source control is disabled
[2022.07.06-14.14.59:610][  0]SourceControl: Source control is disabled
[2022.07.06-14.14.59:621][  0]SourceControl: Source control is disabled
[2022.07.06-14.14.59:930][  0]LogAndroidPermission: UAndroidPermissionCallbackProxy::GetInstance
[2022.07.06-14.14.59:947][  0]LogAudioCaptureCore: Display: No Audio Capture implementations found. Audio input will be silent.
[2022.07.06-14.14.59:947][  0]LogAudioCaptureCore: Display: No Audio Capture implementations found. Audio input will be silent.
[2022.07.06-14.14.59:992][  0]LogOcInput: OculusInput pre-init called
[2022.07.06-14.15.00:001][  0]LogWindows: Failed to load 'OVRPlugin.dll' (GetLastError=126)
[2022.07.06-14.15.00:001][  0]LogWindows: File 'OVRPlugin.dll' does not exist
[2022.07.06-14.15.00:063][  0]LogEngine: Initializing Engine...
[2022.07.06-14.15.00:081][  0]LogHMD: Failed to initialize OpenVR with code 110
[2022.07.06-14.15.00:081][  0]LogMagicLeap: Warning: VR disabled because ZI is not enabled.  To enable, in the editor, Edit -> Project Settings -> Plugins -> Magic Leap Plugin -> Enable Zero Iteration
[2022.07.06-14.15.00:082][  0]LogStats: UGameplayTagsManager::InitializeManager -  0.000 s
[2022.07.06-14.15.00:200][  0]LogInit: Initializing FReadOnlyCVARCache
[2022.07.06-14.15.00:208][  0]LogAIModule: Creating AISystem for world Untitled
[2022.07.06-14.15.00:208][  0]LogAISub: UAISubsystem::UAISubsystem EnvQueryManager (000002127842FC00), frame # 0
[2022.07.06-14.15.00:208][  0]LogAISub: UAISubsystem::UAISubsystem AIPerceptionSystem (00000212784991C0), frame # 0
[2022.07.06-14.15.00:226][  0]LogAudioMixer: Display: Audio Mixer Platform Settings:
[2022.07.06-14.15.00:226][  0]LogAudioMixer: Display: 	Sample Rate:						  48000
[2022.07.06-14.15.00:226][  0]LogAudioMixer: Display: 	Callback Buffer Frame Size Requested: 1024
[2022.07.06-14.15.00:226][  0]LogAudioMixer: Display: 	Callback Buffer Frame Size To Use:	  1024
[2022.07.06-14.15.00:226][  0]LogAudioMixer: Display: 	Number of buffers to queue:			  2
[2022.07.06-14.15.00:226][  0]LogAudioMixer: Display: 	Max Channels (voices):				  32
[2022.07.06-14.15.00:226][  0]LogAudioMixer: Display: 	Number of Async Source Workers:		  0
[2022.07.06-14.15.00:226][  0]LogAudio: Display: AudioDevice MaxSources: 32
[2022.07.06-14.15.00:226][  0]LogAudio: Display: Using built-in audio occlusion.
[2022.07.06-14.15.00:226][  0]LogAudioMixer: Display: Initializing audio mixer.
[2022.07.06-14.15.00:242][  0]LogAudioMixer: Display: 0: FrontLeft
[2022.07.06-14.15.00:242][  0]LogAudioMixer: Display: 1: FrontRight
[2022.07.06-14.15.00:289][  0]LogAudioMixer: Display: Using Audio Device Headset Earphone (HyperX Virtual Surround Sound)
[2022.07.06-14.15.00:290][  0]LogAudioMixer: Display: Initializing Sound Submixes...
[2022.07.06-14.15.00:292][  0]LogAudioMixer: Display: Creating Master Submix 'MasterSubmixDefault'
[2022.07.06-14.15.00:292][  0]LogAudioMixer: Display: Creating Master Submix 'MasterReverbSubmixDefault'
[2022.07.06-14.15.00:298][  0]LogAudioMixer: Display: Creating Master Submix 'MasterEQSubmixDefault'
[2022.07.06-14.15.00:299][  0]LogInit: FAudioDevice initialized.
[2022.07.06-14.15.00:299][  0]LogNetVersion: Set ProjectVersion to 1.0.0.0. Version Checksum will be recalculated on next use.
[2022.07.06-14.15.00:385][  0]LogDerivedDataCache: Saved boot cache 0.09s 76MB C:/Users/WIN10/AppData/Local/UnrealEngine/4.25/DerivedDataCache/Boot.ddc.
[2022.07.06-14.15.00:387][  0]LogInit: Texture streaming: Enabled
[2022.07.06-14.15.00:402][  0]LogEngineSessionManager: EngineSessionManager initialized
[2022.07.06-14.15.00:402][  0]LogEditorSessionSummary: Verbose: Initializing EditorSessionSummaryWriter for editor session tracking
[2022.07.06-14.15.00:403][  0]LogEditorSessionSummary: EditorSessionSummaryWriter initialized
[2022.07.06-14.15.00:441][  0]LogInit: Transaction tracking system initialized
[2022.07.06-14.15.00:460][  0]BlueprintLog: New page: Editor Load
[2022.07.06-14.15.00:520][  0]LocalizationService: Localization service is disabled
[2022.07.06-14.15.00:815][  0]LogCook: Display: Max memory allowance for cook 16384mb min free memory 0mb
[2022.07.06-14.15.00:815][  0]LogCook: Display: Mobile HDR setting 1
[2022.07.06-14.15.00:966][  0]LogFileCache: Scanning file cache for directory 'D:/PROJECTS/Balletes/Balletes/Content/' took 0.00s
[2022.07.06-14.15.01:217][  0]SourceControl: Source control is disabled
[2022.07.06-14.15.01:217][  0]LogUnrealEdMisc: Loading editor; pre map load, took 8.381
[2022.07.06-14.15.01:217][  0]Cmd: MAP LOAD FILE="../../../../../PROJECTS/Balletes/Balletes/Content/StarterContent/Maps/Minimal_Default.umap" TEMPLATE=0 SHOWPROGRESS=1 FEATURELEVEL=3
[2022.07.06-14.15.01:258][  0]LightingResults: New page: Lighting Build
[2022.07.06-14.15.01:258][  0]LogWorld: UWorld::CleanupWorld for Untitled, bSessionEnded=true, bCleanupResources=true
[2022.07.06-14.15.01:258][  0]LogSlate: InvalidateAllWidgets triggered.  All widgets were invalidated
[2022.07.06-14.15.01:259][  0]MapCheck: New page: Map Check
[2022.07.06-14.15.01:259][  0]LightingResults: New page: Lighting Build
[2022.07.06-14.15.01:267][  0]LogAISub: UAISubsystem::~UAISubsystem EnvQueryManager (000002127842FC00), frame # 0
[2022.07.06-14.15.01:267][  0]LogAISub: UAISubsystem::~UAISubsystem AIPerceptionSystem (00000212784991C0), frame # 0
[2022.07.06-14.15.01:268][  0]LogUObjectHash: Compacting FUObjectHashTables data took   1.05ms
[2022.07.06-14.15.01:328][  0]LogLinker: Warning: While loading '../../../../../PROJECTS/Balletes/Balletes/Content/StarterContent/Maps/Minimal_Default.umap' failed to load '/Game/StarterContent/Maps/Minimal_Default_BuiltData': Can't find file.
[2022.07.06-14.15.01:328][  0]LogLinker: Warning: While loading '../../../../../PROJECTS/Balletes/Balletes/Content/StarterContent/Maps/Minimal_Default.umap' failed to load '/Game/StarterContent/Maps/Minimal_Default_BuiltData': Can't find file.
[2022.07.06-14.15.01:751][  0]LogLinker: Warning: While loading '../../../../../PROJECTS/Balletes/Balletes/Content/StarterContent/Maps/Minimal_Default.umap' failed to load '/Game/StarterContent/Maps/Minimal_Default_BuiltData': Can't find file.
[2022.07.06-14.15.01:751][  0]LogLinker: Warning: While loading '../../../../../PROJECTS/Balletes/Balletes/Content/StarterContent/Maps/Minimal_Default.umap' failed to load '/Game/StarterContent/Maps/Minimal_Default_BuiltData': Can't find file.
[2022.07.06-14.15.01:913][  0]LogLinker: Warning: Failed to load '/Game/StarterContent/Maps/Minimal_Default_BuiltData': Can't find file.
[2022.07.06-14.15.01:913][  0]LogLinker: Warning: Failed to load '/Game/StarterContent/Maps/Minimal_Default_BuiltData': Can't find file.
[2022.07.06-14.15.01:913][  0]LogLinker: Warning: Failed to load '/Game/StarterContent/Maps/Minimal_Default_BuiltData': Can't find file.
[2022.07.06-14.15.01:913][  0]LogLinker: Warning: Failed to load '/Game/StarterContent/Maps/Minimal_Default_BuiltData': Can't find file.
[2022.07.06-14.15.01:924][  0]LogLinker: Warning: While loading '../../../../../PROJECTS/Balletes/Balletes/Content/StarterContent/Maps/Minimal_Default.umap' failed to load '/Game/StarterContent/Maps/Minimal_Default_BuiltData': Can't find file.
[2022.07.06-14.15.01:924][  0]LoadErrors: Failed to load /Game/StarterContent/Maps/Minimal_Default_BuiltData.Minimal_Default_BuiltData Referenced by PersistentLevel
[2022.07.06-14.15.01:924][  0]LogLinker: Warning: While loading '../../../../../PROJECTS/Balletes/Balletes/Content/StarterContent/Maps/Minimal_Default.umap' failed to load '/Game/StarterContent/Maps/Minimal_Default_BuiltData': Can't find file.
[2022.07.06-14.15.01:924][  0]LoadErrors: Failed to load /Game/StarterContent/Maps/Minimal_Default_BuiltData.Minimal_Default_BuiltData Referenced by PersistentLevel
[2022.07.06-14.15.02:776][  0]LogAIModule: Creating AISystem for world Minimal_Default
[2022.07.06-14.15.02:777][  0]LogAISub: UAISubsystem::UAISubsystem EnvQueryManager (0000021201A5AE00), frame # 0
[2022.07.06-14.15.02:777][  0]LogAISub: UAISubsystem::UAISubsystem AIPerceptionSystem (0000021201821E40), frame # 0
[2022.07.06-14.15.02:854][  0]LogEditorServer: Finished looking for orphan Actors (0.000 secs)
[2022.07.06-14.15.02:863][  0]LogUObjectHash: Compacting FUObjectHashTables data took   0.69ms
[2022.07.06-14.15.02:863][  0]Cmd: MAP CHECKDEP NOCLEARLOG
[2022.07.06-14.15.02:863][  0]MapCheck: Map check complete: 0 Error(s), 0 Warning(s), took 0,089ms to complete.
[2022.07.06-14.15.02:863][  0]LogFileHelpers: Loading map 'Minimal_Default' took 1.646
[2022.07.06-14.15.02:881][  0]LogUnrealEdMisc: Total Editor Startup Time, took 10.045
[2022.07.06-14.15.03:355][  0]LogSlate: Updating window title bar state: overlay mode, drag disabled, window buttons hidden, title bar hidden
[2022.07.06-14.15.03:363][  0]LogSlate: Updating window title bar state: overlay mode, drag disabled, window buttons hidden, title bar hidden
[2022.07.06-14.15.03:371][  0]LogSlate: Updating window title bar state: overlay mode, drag disabled, window buttons hidden, title bar hidden
[2022.07.06-14.15.03:377][  0]LogSlate: Updating window title bar state: overlay mode, drag disabled, window buttons hidden, title bar hidden
[2022.07.06-14.15.03:498][  0]LogCollectionManager: Loaded 0 collections in 0.000917 seconds
[2022.07.06-14.15.03:732][  0]LogFileCache: Scanning file cache for directory 'D:/PROJECTS/Balletes/Balletes/Saved/Collections/' took 0.00s
[2022.07.06-14.15.03:732][  0]LogFileCache: Scanning file cache for directory 'D:/PROJECTS/Balletes/Balletes/Content/Developers/WIN10/Collections/' took 0.00s
[2022.07.06-14.15.03:732][  0]LogFileCache: Scanning file cache for directory 'D:/PROJECTS/Balletes/Balletes/Content/Collections/' took 0.00s
[2022.07.06-14.15.03:732][  0]LogContentBrowser: Native class hierarchy populated in 0.0095 seconds. Added 3429 classes and 823 folders.
[2022.07.06-14.15.03:820][  0]LogContentBrowser: Native class hierarchy updated for 'WidgetCarousel' in 0.0006 seconds. Added 0 classes and 0 folders.
[2022.07.06-14.15.05:500][  0]LogContentBrowser: Native class hierarchy updated for 'AddContentDialog' in 0.0004 seconds. Added 0 classes and 0 folders.
[2022.07.06-14.15.05:691][  0]LogContentBrowser: Native class hierarchy updated for 'SceneOutliner' in 0.0006 seconds. Added 2 classes and 0 folders.
[2022.07.06-14.15.06:620][  0]LogSlate: Took 0.000356 seconds to synchronously load lazily loaded font '../../../Engine/Content/Slate/Fonts/Roboto-Regular.ttf' (155K)
[2022.07.06-14.15.06:632][  0]LogSlate: Took 0.000214 seconds to synchronously load lazily loaded font '../../../Engine/Content/Slate/Fonts/Roboto-Bold.ttf' (160K)
[2022.07.06-14.15.06:722][  0]LogSlate: Took 0.010355 seconds to synchronously load lazily loaded font '../../../Engine/Content/Editor/Slate/Fonts/FontAwesome.ttf' (139K)
[2022.07.06-14.15.07:223][  0]LogRenderer: Reallocating scene render targets to support 836x444 Format 10 NumSamples 1 (Frame:1).
[2022.07.06-14.15.07:605][  0]LogSlate: Took 0.034969 seconds to synchronously load lazily loaded font '../../../Engine/Content/Slate/Fonts/Roboto-Light.ttf' (167K)
[2022.07.06-14.15.07:693][  0]LogContentBrowser: Native class hierarchy updated for 'HierarchicalLODOutliner' in 0.0004 seconds. Added 0 classes and 0 folders.
[2022.07.06-14.15.07:693][  0]LogLoad: (Engine Initialization) Total time: 14.86 seconds
[2022.07.06-14.15.07:693][  0]LogLoad: (Engine Initialization) Total Blueprint compile time: 0.00 seconds
[2022.07.06-14.15.07:732][  0]LogAssetRegistry: Asset discovery search completed in 9.6631 seconds
[2022.07.06-14.15.07:736][  0]LogCollectionManager: Fixed up redirectors for 0 collections in 0.000003 seconds (updated 0 objects)
[2022.07.06-14.15.07:746][  0]LogContentStreaming: Texture pool size now 1000 MB
[2022.07.06-14.15.07:777][  0]LogSlate: Took 0.015059 seconds to synchronously load lazily loaded font '../../../Engine/Content/Slate/Fonts/DroidSansMono.ttf' (77K)
[2022.07.06-14.16.15:212][ 21]LogSlate: Took 0.000217 seconds to synchronously load lazily loaded font '../../../Engine/Content/Slate/Fonts/Roboto-Light.ttf' (167K)
[2022.07.06-14.16.15:304][ 21]LogAssetEditorSubsystem: Opening Asset editor for World /Game/Balletes/Levels/BulletTest.BulletTest
[2022.07.06-14.16.15:320][ 21]LogUObjectHash: Compacting FUObjectHashTables data took   0.62ms
[2022.07.06-14.16.15:322][ 21]Cmd: MAP LOAD FILE="../../../../../PROJECTS/Balletes/Balletes/Content/Balletes/Levels/BulletTest.umap" TEMPLATE=0 SHOWPROGRESS=1 FEATURELEVEL=3
[2022.07.06-14.16.15:323][ 21]LightingResults: New page: Lighting Build
[2022.07.06-14.16.15:323][ 21]LoadErrors: New page: Loading map: BulletTest.umap
[2022.07.06-14.16.15:357][ 21]LogWorld: UWorld::CleanupWorld for Minimal_Default, bSessionEnded=true, bCleanupResources=true
[2022.07.06-14.16.15:357][ 21]LogSlate: InvalidateAllWidgets triggered.  All widgets were invalidated
[2022.07.06-14.16.15:357][ 21]MapCheck: New page: Map Check
[2022.07.06-14.16.15:357][ 21]LightingResults: New page: Lighting Build
[2022.07.06-14.16.15:374][ 21]LogAISub: UAISubsystem::~UAISubsystem EnvQueryManager (0000021201A5AE00), frame # 3021
[2022.07.06-14.16.15:374][ 21]LogAISub: UAISubsystem::~UAISubsystem AIPerceptionSystem (0000021201821E40), frame # 3021
[2022.07.06-14.16.15:375][ 21]LogUObjectHash: Compacting FUObjectHashTables data took   0.63ms
[2022.07.06-14.16.15:439][ 21]LogEditorServer: Finished looking for orphan Actors (0.000 secs)
[2022.07.06-14.16.15:439][ 21]LogAIModule: Creating AISystem for world BulletTest
[2022.07.06-14.16.15:439][ 21]LogAISub: UAISubsystem::UAISubsystem EnvQueryManager (0000021214B57E00), frame # 3021
[2022.07.06-14.16.15:439][ 21]LogAISub: UAISubsystem::UAISubsystem AIPerceptionSystem (0000021225A865C0), frame # 3021
[2022.07.06-14.16.15:449][ 21]LogUObjectHash: Compacting FUObjectHashTables data took   0.60ms
[2022.07.06-14.16.15:464][ 21]Cmd: MAP CHECKDEP NOCLEARLOG
[2022.07.06-14.16.15:464][ 21]MapCheck: Map check complete: 0 Error(s), 0 Warning(s), took 0,066ms to complete.
[2022.07.06-14.16.15:464][ 21]LogFileHelpers: Loading map 'BulletTest' took 0.142
[2022.07.06-14.17.06:407][ 86]LogAssetEditorSubsystem: Opening Asset editor for Class /Script/Balletes.FirstPersonController
[2022.07.06-14.30.49:192][910]LogSlate: Window 'Project Settings' being destroyed
[2022.07.06-14.30.49:199][910]LogSlate: Window 'Project Settings' being destroyed
[2022.07.06-14.30.56:021][650]Candidate modules for hot reload:
[2022.07.06-14.30.56:022][650]  Balletes
[2022.07.06-14.30.56:022][650]Launching UnrealBuildTool... [D:/UnrealEngine/UE_4.25/Engine/Binaries/DotNET/UnrealBuildTool.exe  -ModuleWithSuffix=Balletes,5915 BalletesEditor Win64 Development -Project="D:/PROJECTS/Balletes/Balletes/Balletes.uproject" "D:/PROJECTS/Balletes/Balletes/Balletes.uproject"  -IgnoreJunk]
[2022.07.06-14.30.56:116][650]Warning: Starting HotReload took  0.1s.
[2022.07.06-14.38.26:452][447]CompilerResultsLog: New page: Compilation - 06/07/2022, 16:38:26
[2022.07.06-14.38.26:469][447]CompilerResultsLog: Using 'git status' to determine working set for adaptive non-unity build (D:\PROJECTS\Balletes).
[2022.07.06-14.38.26:469][447]CompilerResultsLog: Creating makefile for BalletesEditor (game project files are newer)
[2022.07.06-14.38.26:469][447]CompilerResultsLog: Parsing headers for BalletesEditor
[2022.07.06-14.38.26:469][447]CompilerResultsLog:   Running UnrealHeaderTool "D:\PROJECTS\Balletes\Balletes\Balletes.uproject" "D:\PROJECTS\Balletes\Balletes\Intermediate\Build\Win64\BalletesEditor\Development\BalletesEditor.uhtmanifest" -LogCmds="loginit warning, logexit warning, logdatabase error" -Unattended -WarningsAsErrors -abslog="C:\Users\WIN10\AppData\Local\UnrealBuildTool\Log_UHT.txt" -installed
[2022.07.06-14.38.26:469][447]CompilerResultsLog: Reflection code generated for BalletesEditor in 20,1059231 seconds
[2022.07.06-14.38.26:469][447]CompilerResultsLog: Building BalletesEditor...
[2022.07.06-14.38.26:469][447]CompilerResultsLog: Using Visual Studio 2019 14.31.31104 toolchain (C:\Program Files\Microsoft Visual Studio\2022\Community\VC\Tools\MSVC\14.31.31103) and Windows 10.0.19041.0 SDK (C:\Program Files (x86)\Windows Kits\10).
[2022.07.06-14.38.26:469][447]CompilerResultsLog: Building 6 actions with 8 processes...
[2022.07.06-14.38.26:469][447]CompilerResultsLog:   [1/6] Balletes.init.gen.cpp
[2022.07.06-14.38.26:469][447]CompilerResultsLog:   [2/6] FirstPersonController.cpp
[2022.07.06-14.38.26:469][447]CompilerResultsLog:   D:\PROJECTS\Balletes\Balletes\Source\Balletes\FirstPersonController.cpp(17): warning C4996: 'USceneComponent::AttachTo': This function is deprecated, please use AttachToComponent instead. Please update your code to the new API before upgrading to the next release, otherwise your project will no longer compile.
[2022.07.06-14.38.26:469][447]CompilerResultsLog:   [3/6] FirstPersonController.gen.cpp
[2022.07.06-14.38.26:469][447]CompilerResultsLog:   [4/6] UE4Editor-Balletes-5915.lib
[2022.07.06-14.38.26:469][447]CompilerResultsLog:      Creating library D:\PROJECTS\Balletes\Balletes\Intermediate\Build\Win64\UE4Editor\Development\Balletes\UE4Editor-Balletes-5915.lib and object D:\PROJECTS\Balletes\Balletes\Intermediate\Build\Win64\UE4Editor\Development\Balletes\UE4Editor-Balletes-5915.exp
[2022.07.06-14.38.26:469][447]CompilerResultsLog:   [5/6] UE4Editor-Balletes-5915.dll
[2022.07.06-14.38.26:469][447]CompilerResultsLog:      Creating library D:\PROJECTS\Balletes\Balletes\Intermediate\Build\Win64\UE4Editor\Development\Balletes\UE4Editor-Balletes-5915.suppressed.lib and object D:\PROJECTS\Balletes\Balletes\Intermediate\Build\Win64\UE4Editor\Development\Balletes\UE4Editor-Balletes-5915.suppressed.exp
[2022.07.06-14.38.26:469][447]CompilerResultsLog:   [6/6] BalletesEditor.target
[2022.07.06-14.38.26:469][447]CompilerResultsLog: Total time in Parallel executor: 422,66 seconds
[2022.07.06-14.38.26:469][447]CompilerResultsLog: Total execution time: 450,00 seconds
[2022.07.06-14.38.26:469][447]LogMainFrame: MainFrame: Module compiling took 450.469 seconds
[2022.07.06-14.38.26:484][447]LogClass: Could not find existing class FirstPersonController in package /Script/Balletes for HotReload, assuming new class
[2022.07.06-14.38.26:496][447]LogHotReload: Re-instancing FirstPersonController after hot-reload.
[2022.07.06-14.38.26:594][447]LogContentBrowser: Native class hierarchy updated for 'Balletes' in 0.0006 seconds. Added 2 classes and 2 folders.
[2022.07.06-14.38.26:595][447]Display: HotReload successful (0 functions remapped  0 scriptstructs remapped)
[2022.07.06-14.38.27:145][447]LogContentBrowser: Native class hierarchy populated in 0.0081 seconds. Added 3429 classes and 823 folders.
[2022.07.06-14.38.27:177][447]Display: HotReload took 451.2s.
[2022.07.06-14.39.34:441][769]LogEditor: Attempting to add actor of class 'FirstPersonController' to level at 2980.00,300.00,288.00
[2022.07.06-14.39.36:537][831]LogEditor: Attempting to add actor of class 'FirstPersonController' to level at 2480.00,640.00,288.00
[2022.07.06-14.40.13:158][869]LogTemp: Repeating last play command: Selected Viewport
[2022.07.06-14.40.13:296][869]LogPlayLevel: PlayLevel: No blueprints needed recompiling
[2022.07.06-14.40.13:299][869]PIE: New page: PIE session: BulletTest (06/07/2022, 16:40:13)
[2022.07.06-14.40.13:350][869]LogOnline: OSS: Creating online subsystem instance for: NULL
[2022.07.06-14.40.13:373][869]LogOnline: OSS: TryLoadSubsystemAndSetDefault: Loaded subsystem for module [NULL]
[2022.07.06-14.40.13:401][869]LogPlayLevel: Creating play world package: /Game/Balletes/Levels/UEDPIE_0_BulletTest
[2022.07.06-14.40.13:481][869]LogPlayLevel: PIE: StaticDuplicateObject took: (0.080076s)
[2022.07.06-14.40.13:511][869]LogAIModule: Creating AISystem for world BulletTest
[2022.07.06-14.40.13:511][869]LogAISub: UAISubsystem::UAISubsystem EnvQueryManager (0000021217797E00), frame # 14869
[2022.07.06-14.40.13:511][869]LogAISub: UAISubsystem::UAISubsystem AIPerceptionSystem (000002123AE22C00), frame # 14869
[2022.07.06-14.40.13:512][869]LogPlayLevel: PIE: World Init took: (0.030261s)
[2022.07.06-14.40.13:512][869]LogPlayLevel: PIE: Created PIE world by copying editor world from /Game/Balletes/Levels/BulletTest.BulletTest to /Game/Balletes/Levels/UEDPIE_0_BulletTest.BulletTest (0.110532s)
[2022.07.06-14.40.13:535][869]LogUObjectHash: Compacting FUObjectHashTables data took   0.67ms
[2022.07.06-14.40.13:539][869]LogAudioMixer: Display: Audio Mixer Platform Settings:
[2022.07.06-14.40.13:539][869]LogAudioMixer: Display: 	Sample Rate:						  48000
[2022.07.06-14.40.13:539][869]LogAudioMixer: Display: 	Callback Buffer Frame Size Requested: 1024
[2022.07.06-14.40.13:539][869]LogAudioMixer: Display: 	Callback Buffer Frame Size To Use:	  1024
[2022.07.06-14.40.13:539][869]LogAudioMixer: Display: 	Number of buffers to queue:			  2
[2022.07.06-14.40.13:539][869]LogAudioMixer: Display: 	Max Channels (voices):				  32
[2022.07.06-14.40.13:539][869]LogAudioMixer: Display: 	Number of Async Source Workers:		  0
[2022.07.06-14.40.13:539][869]LogAudio: Display: AudioDevice MaxSources: 32
[2022.07.06-14.40.13:540][869]LogAudio: Display: Using built-in audio occlusion.
[2022.07.06-14.40.13:540][869]LogAudioMixer: Display: Initializing audio mixer.
[2022.07.06-14.40.13:544][869]LogAudioMixer: Display: 0: FrontLeft
[2022.07.06-14.40.13:544][869]LogAudioMixer: Display: 1: FrontRight
[2022.07.06-14.40.13:561][869]LogAudioMixer: Display: Using Audio Device Headset Earphone (HyperX Virtual Surround Sound)
[2022.07.06-14.40.13:562][869]LogAudioMixer: Display: Initializing Sound Submixes...
[2022.07.06-14.40.13:562][869]LogAudioMixer: Display: Creating Master Submix 'MasterSubmixDefault'
[2022.07.06-14.40.13:562][869]LogAudioMixer: Display: Creating Master Submix 'MasterReverbSubmixDefault'
[2022.07.06-14.40.13:562][869]LogAudioMixer: Display: Creating Master Submix 'MasterEQSubmixDefault'
[2022.07.06-14.40.13:576][869]LogInit: FAudioDevice initialized.
[2022.07.06-14.40.13:588][869]LogLoad: Game class is 'GameModeBase'
[2022.07.06-14.40.13:735][869]LogWorld: Bringing World /Game/Balletes/Levels/UEDPIE_0_BulletTest.BulletTest up for play (max tick rate 60) at 2022.07.06-15.40.13
[2022.07.06-14.40.13:774][869]LogWorld: Bringing up level for play took: 0.045711
[2022.07.06-14.40.13:787][869]LogOnline: OSS: Creating online subsystem instance for: :Context_3
[2022.07.06-14.40.13:979][869]LogContentBrowser: Native class hierarchy updated for 'MovieSceneCapture' in 0.0005 seconds. Added 20 classes and 0 folders.
[2022.07.06-14.40.14:052][869]PIE: Server logged in
[2022.07.06-14.40.14:052][869]PIE: Play in editor total start time 0,883 seconds.
[2022.07.06-14.40.44:151][660]LogSlate: Updating window title bar state: overlay mode, drag disabled, window buttons hidden, title bar hidden
[2022.07.06-14.40.44:151][660]LogWorld: BeginTearingDown for /Game/Balletes/Levels/UEDPIE_0_BulletTest
[2022.07.06-14.40.44:152][660]LogWorld: UWorld::CleanupWorld for BulletTest, bSessionEnded=true, bCleanupResources=true
[2022.07.06-14.40.44:152][660]LogSlate: InvalidateAllWidgets triggered.  All widgets were invalidated
[2022.07.06-14.40.44:168][660]LogPlayLevel: Display: Shutting down PIE online subsystems
[2022.07.06-14.40.44:169][660]LogSlate: InvalidateAllWidgets triggered.  All widgets were invalidated
[2022.07.06-14.40.44:201][660]LogSlate: Updating window title bar state: overlay mode, drag disabled, window buttons hidden, title bar hidden
[2022.07.06-14.40.44:207][660]LogAISub: UAISubsystem::~UAISubsystem EnvQueryManager (0000021217797E00), frame # 16660
[2022.07.06-14.40.44:207][660]LogAISub: UAISubsystem::~UAISubsystem AIPerceptionSystem (000002123AE22C00), frame # 16660
[2022.07.06-14.40.44:208][660]LogUObjectHash: Compacting FUObjectHashTables data took   0.59ms
[2022.07.06-14.40.44:253][661]LogPlayLevel: Display: Destroying online subsystem :Context_3
[2022.07.06-14.41.47:720][153]LogUObjectHash: Compacting FUObjectHashTables data took   0.94ms
[2022.07.06-14.41.47:832][153]LogSavePackage: Moving '../../../../../PROJECTS/Balletes/Balletes/Saved/BulletTest_Auto1CF4C2B2746063300243ABC86428D3328.tmp' to '../../../../../PROJECTS/Balletes/Balletes/Saved/Autosaves/Game/Balletes/Levels/BulletTest_Auto1.umap'
[2022.07.06-14.41.47:866][153]LogFileHelpers: Editor autosave (incl. sublevels) for '/Game/Balletes/Levels/BulletTest' took 0.156
[2022.07.06-14.41.47:866][153]LogFileHelpers: Editor autosave (incl. sublevels) for all levels took 0.156
